


ARM Macro Assembler    Page 1 


    1 00000000         ;***************REGISTERS_ADDRESSES*********************
                       **
    2 00000000         
    3 00000000         ;GPIO Registers
    4 00000000 40024020 
                       GPIO_PORTE_DATA
                               EQU              0x40024020  ; Access BIT3
    5 00000000 40024020 
                       GPIO_PORTE_DATAE2
                               EQU              0x40024020  ; Access BIT2
    6 00000000 40024400 
                       GPIO_PORTE_DIR
                               EQU              0x40024400  ; Port Direction
    7 00000000 40024420 
                       GPIO_PORTE_AFSEL
                               EQU              0x40024420  ; Alt Function enab
                                                            le
    8 00000000 4002451C 
                       GPIO_PORTE_DEN
                               EQU              0x4002451C  ; Digital Enable
    9 00000000 40024528 
                       GPIO_PORTE_AMSEL
                               EQU              0x40024528  ; Analog enable
   10 00000000 4002452C 
                       GPIO_PORTE_PCTL
                               EQU              0x4002452C  ; Alternate Functio
                                                            ns
   11 00000000         ;System Registers
   12 00000000 400FE608 
                       SYSCTL_RCGCGPIO
                               EQU              0x400FE608  ; GPIO Gate Control
                                                            
   13 00000000 400FE638 
                       SYSCTL_RCGCADC
                               EQU              0x400FE638  ;ADC GATE CONTROL
   14 00000000         
   15 00000000         ;ADC0SS3_REGISTERS
   16 00000000 40038000 
                       ADC0ACTSS
                               EQU              0x40038000
   17 00000000 40038080 
                       ADC0SSMUX2
                               EQU              0x40038080
   18 00000000 40038014 
                       ADC0EMUX
                               EQU              0x40038014
   19 00000000 40038084 
                       ADC0SS2CTL
                               EQU              0x40038084
   20 00000000 40038FC4 
                       ADC0SSPC
                               EQU              0x40038FC4
   21 00000000 40038028 
                       ADC0PSSI
                               EQU              0x40038028
   22 00000000 40038004 
                       ADC0RIS EQU              0x40038004
   23 00000000 40038088 
                       ADC0FIFO2



ARM Macro Assembler    Page 2 


                               EQU              0x40038088
   24 00000000 4003800C 
                       ADC0ISC EQU              0x4003800C
   25 00000000         
   26 00000000         
   27 00000000         
   28 00000000         ;*******************************************************
                       **
   29 00000000         ;*******************************************************
                       **
   30 00000000                 AREA             routines, CODE, READONLY
   31 00000000                 THUMB
   32 00000000                 EXPORT           ADC_Handler
   33 00000000                 EXPORT           ADC0Init
   34 00000000         
   35 00000000         ;*******************************************************
                       **
   36 00000000         
   37 00000000         ADC_Handler
                               PROC
   38 00000000 4826            LDR              R0,=ADC0FIFO2
   39 00000002 6805            LDR              R5,[R0]     ;READ FIFO AND STOR
                                                            E RESULT TO 
   40 00000004 6804            LDR              R4,[R0]
   41 00000006 4826            LDR              R0,=ADC0ISC
   42 00000008 F04F 0104       MOV              R1,#0x4
   43 0000000C 6001            STR              R1,[R0]
   44 0000000E         ;   LDR  R0,=ADC0PSSI 
   45 0000000E         ;   MOV  R1,#0x8   ;INITIATE SS3
   46 0000000E         ;   STR  R1,[R0]
   47 0000000E 4770            BX               LR
   48 00000010                 ALIGN
   49 00000010                 ENDP
   50 00000010         
   51 00000010         
   52 00000010         
   53 00000010         
   54 00000010         ;*******************************************************
                       **
   55 00000010         ;*******************************************************
                       ** 
   56 00000010         
   57 00000010         
   58 00000010         ADC0Init
                               PROC
   59 00000010         ; GPIO INITIALIZATION
   60 00000010 4824            LDR              R0,=SYSCTL_RCGCGPIO
   61 00000012 6801            LDR              R1,[R0]     ; RUN CLOCK OF PORT
                                                            E
   62 00000014 F041 0110       ORR              R1,#0x10
   63 00000018 6001            STR              R1,[R0]
   64 0000001A BF00            NOP
   65 0000001C BF00            NOP
   66 0000001E         
   67 0000001E 4822            LDR              R0,=SYSCTL_RCGCADC
   68 00000020 6801            LDR              R1,[R0]
   69 00000022 F041 0101       ORR              R1,#0x01    ; RUN CLOCK OF ADC0
                                                            
   70 00000026 6001            STR              R1,[R0]



ARM Macro Assembler    Page 3 


   71 00000028 BF00            NOP
   72 0000002A BF00            NOP
   73 0000002C BF00            NOP
   74 0000002E BF00            NOP
   75 00000030         
   76 00000030         ;     
   77 00000030         ;   LDR  R0,=GPIO_PORTE_DIR
   78 00000030         ;   MOV  R1,#0x00  ; SET PORTE PINS AS INPUTS
   79 00000030         ;   STR  R1,[R0]
   80 00000030         
   81 00000030 481E            LDR              R0,=GPIO_PORTE_AFSEL
   82 00000032 F04F 010C       MOV              R1,#0x0C    ; SET PE3,PE2 TO AL
                                                            TERNATE FUNCTION
   83 00000036 6001            STR              R1,[R0]
   84 00000038         
   85 00000038 481D            LDR              R0,=GPIO_PORTE_DEN
   86 0000003A 6801            LDR              R1,[R0]
   87 0000003C F021 010C       BIC              R1,#0x0C    ; DISABLE DIGITAL F
                                                            UNCTIONALITY OF POR
                                                            TE
   88 00000040 6001            STR              R1,[R0]
   89 00000042         
   90 00000042 481C            LDR              R0,=GPIO_PORTE_AMSEL
   91 00000044 6801            LDR              R1,[R0]
   92 00000046 F041 010C       ORR              R1,#0x0C    ; ENABLE ANALOG MOD
                                                            E OF PE3
   93 0000004A 6001            STR              R1,[R0]
   94 0000004C         
   95 0000004C         
   96 0000004C         
   97 0000004C         ;ADC INITIALIZATION
   98 0000004C         
   99 0000004C         
  100 0000004C 481A            LDR              R0,=0x400FE100
  101 0000004E 6801            LDR              R1,[R0]
  102 00000050 F441 3180       ORR              R1,#0x00010000
  103 00000054 6001            STR              R1,[R0]
  104 00000056         
  105 00000056         ;SAMPLE SEQUENCER 2 IS USED
  106 00000056 4819            LDR              R0,=ADC0ACTSS
  107 00000058 6801            LDR              R1,[R0]
  108 0000005A F021 0104       BIC              R1,#0x4     ;DISABLE SAMPLE SEQ
                                                            UENCER 2 (SS2)
  109 0000005E 6001            STR              R1,[R0]
  110 00000060         
  111 00000060 4817            LDR              R0,=ADC0EMUX
  112 00000062 6801            LDR              R1,[R0]
  113 00000064 F421 6170       BIC              R1,#0x0F00  ;CLEAR BITS 12:15 F
                                                            OR SOFTWARE TRIGGER
                                                            ING
  114 00000068 6001            STR              R1,[R0]
  115 0000006A         
  116 0000006A 4816            LDR              R0,=ADC0SSMUX2
  117 0000006C 6801            LDR              R1,[R0]
  118 0000006E F041 0110       ORR              R1,#0x010   ;PE3, FOR Y POSITIO
                                                            N POT AND PE2 FOR X
                                                             POSITION POT
  119 00000072 6001            STR              R1,[R0]
  120 00000074         



ARM Macro Assembler    Page 4 


  121 00000074 4814            LDR              R0,=ADC0SS2CTL
  122 00000076 6801            LDR              R1,[R0]
  123 00000078 F041 0160       ORR              R1,R1,#0x60 ;SET ENABLE AND INT
                                                            ERRUPT BITS
  124 0000007C 6001            STR              R1,[R0]
  125 0000007E         
  126 0000007E 4813            LDR              R0,=ADC0SSPC
  127 00000080 6801            LDR              R1,[R0]
  128 00000082 F041 0101       ORR              R1,R1,#0x01 ;SET 125Ksps
  129 00000086 6001            STR              R1,[R0]
  130 00000088         
  131 00000088 480C            LDR              R0,=ADC0ACTSS
  132 0000008A 6801            LDR              R1,[R0]
  133 0000008C F041 0104       ORR              R1,R1,#0x04 ;ENABLE SS2
  134 00000090 6001            STR              R1,[R0]
  135 00000092         
  136 00000092 480F            LDR              R0,=ADC0PSSI
  137 00000094 F04F 0104       MOV              R1,#0x4     ;INITIATE SS2
  138 00000098 6001            STR              R1,[R0]
  139 0000009A         
  140 0000009A 4770            BX               LR
  141 0000009C                 ALIGN
  142 0000009C                 ENDP
  143 0000009C                 END
              40038088 
              4003800C 
              400FE608 
              400FE638 
              40024420 
              4002451C 
              40024528 
              400FE100 
              40038000 
              40038014 
              40038080 
              40038084 
              40038FC4 
              40038028 
Command Line: --debug --xref --diag_suppress=9931 --cpu=Cortex-M4.fp --apcs=int
erwork --depend=.\objects\adcinit.d -o.\objects\adcinit.o -I.\RTE\_Target_1 -IC
:\Keil_v5\ARM\PACK\Keil\TM4C_DFP\1.1.0\Device\Include\TM4C123 -IC:\Keil_v5\ARM\
CMSIS\Include --predefine="__EVAL SETA 1" --predefine="__UVISION_VERSION SETA 5
26" --predefine="TM4C123GH6PM SETA 1" --list=.\listings\adcinit.lst ADCInit.s



ARM Macro Assembler    Page 1 Alphabetic symbol ordering
Relocatable symbols

ADC0Init 00000010

Symbol: ADC0Init
   Definitions
      At line 58 in file ADCInit.s
   Uses
      At line 33 in file ADCInit.s
Comment: ADC0Init used once
ADC_Handler 00000000

Symbol: ADC_Handler
   Definitions
      At line 37 in file ADCInit.s
   Uses
      At line 32 in file ADCInit.s
Comment: ADC_Handler used once
routines 00000000

Symbol: routines
   Definitions
      At line 30 in file ADCInit.s
   Uses
      None
Comment: routines unused
3 symbols



ARM Macro Assembler    Page 1 Alphabetic symbol ordering
Absolute symbols

ADC0ACTSS 40038000

Symbol: ADC0ACTSS
   Definitions
      At line 16 in file ADCInit.s
   Uses
      At line 106 in file ADCInit.s
      At line 131 in file ADCInit.s

ADC0EMUX 40038014

Symbol: ADC0EMUX
   Definitions
      At line 18 in file ADCInit.s
   Uses
      At line 111 in file ADCInit.s
Comment: ADC0EMUX used once
ADC0FIFO2 40038088

Symbol: ADC0FIFO2
   Definitions
      At line 23 in file ADCInit.s
   Uses
      At line 38 in file ADCInit.s
Comment: ADC0FIFO2 used once
ADC0ISC 4003800C

Symbol: ADC0ISC
   Definitions
      At line 24 in file ADCInit.s
   Uses
      At line 41 in file ADCInit.s
Comment: ADC0ISC used once
ADC0PSSI 40038028

Symbol: ADC0PSSI
   Definitions
      At line 21 in file ADCInit.s
   Uses
      At line 136 in file ADCInit.s
Comment: ADC0PSSI used once
ADC0RIS 40038004

Symbol: ADC0RIS
   Definitions
      At line 22 in file ADCInit.s
   Uses
      None
Comment: ADC0RIS unused
ADC0SS2CTL 40038084

Symbol: ADC0SS2CTL
   Definitions
      At line 19 in file ADCInit.s
   Uses
      At line 121 in file ADCInit.s
Comment: ADC0SS2CTL used once
ADC0SSMUX2 40038080




ARM Macro Assembler    Page 2 Alphabetic symbol ordering
Absolute symbols

Symbol: ADC0SSMUX2
   Definitions
      At line 17 in file ADCInit.s
   Uses
      At line 116 in file ADCInit.s
Comment: ADC0SSMUX2 used once
ADC0SSPC 40038FC4

Symbol: ADC0SSPC
   Definitions
      At line 20 in file ADCInit.s
   Uses
      At line 126 in file ADCInit.s
Comment: ADC0SSPC used once
GPIO_PORTE_AFSEL 40024420

Symbol: GPIO_PORTE_AFSEL
   Definitions
      At line 7 in file ADCInit.s
   Uses
      At line 81 in file ADCInit.s
Comment: GPIO_PORTE_AFSEL used once
GPIO_PORTE_AMSEL 40024528

Symbol: GPIO_PORTE_AMSEL
   Definitions
      At line 9 in file ADCInit.s
   Uses
      At line 90 in file ADCInit.s
Comment: GPIO_PORTE_AMSEL used once
GPIO_PORTE_DATA 40024020

Symbol: GPIO_PORTE_DATA
   Definitions
      At line 4 in file ADCInit.s
   Uses
      None
Comment: GPIO_PORTE_DATA unused
GPIO_PORTE_DATAE2 40024020

Symbol: GPIO_PORTE_DATAE2
   Definitions
      At line 5 in file ADCInit.s
   Uses
      None
Comment: GPIO_PORTE_DATAE2 unused
GPIO_PORTE_DEN 4002451C

Symbol: GPIO_PORTE_DEN
   Definitions
      At line 8 in file ADCInit.s
   Uses
      At line 85 in file ADCInit.s
Comment: GPIO_PORTE_DEN used once
GPIO_PORTE_DIR 40024400

Symbol: GPIO_PORTE_DIR
   Definitions
      At line 6 in file ADCInit.s



ARM Macro Assembler    Page 3 Alphabetic symbol ordering
Absolute symbols

   Uses
      None
Comment: GPIO_PORTE_DIR unused
GPIO_PORTE_PCTL 4002452C

Symbol: GPIO_PORTE_PCTL
   Definitions
      At line 10 in file ADCInit.s
   Uses
      None
Comment: GPIO_PORTE_PCTL unused
SYSCTL_RCGCADC 400FE638

Symbol: SYSCTL_RCGCADC
   Definitions
      At line 13 in file ADCInit.s
   Uses
      At line 67 in file ADCInit.s
Comment: SYSCTL_RCGCADC used once
SYSCTL_RCGCGPIO 400FE608

Symbol: SYSCTL_RCGCGPIO
   Definitions
      At line 12 in file ADCInit.s
   Uses
      At line 60 in file ADCInit.s
Comment: SYSCTL_RCGCGPIO used once
18 symbols
357 symbols in table
