


ARM Macro Assembler    Page 1 


    1 00000000 40004300 
                       GPIO_PORTA_DATA
                               EQU              0x40004300
    2 00000000 40008008 
                       SSI0_DR EQU              0x40008008
    3 00000000 4000800C 
                       SSI0_SR EQU              0x4000800C
    4 00000000         
    5 00000000         ;*******************************************************
                       *****
    6 00000000         ;-------------------------------------------------------
                       -----     
    7 00000000                 AREA             routines, CODE, READONLY
    8 00000000                 THUMB
    9 00000000                 EXPORT           DrawBorder
   10 00000000         
   11 00000000         DrawBorder
                               PROC
   12 00000000         
   13 00000000 B500            PUSH             {LR}
   14 00000002         ;Draw Rect.
   15 00000002 F04F 0441       MOV              R4,#0x41
   16 00000006 F04F 0585       MOV              R5,#0x85
   17 0000000A         
   18 0000000A 2C45    ver1    CMP              R4,#0x45
   19 0000000C D019            BEQ              set1
   20 0000000E         
   21 0000000E 4943            LDR              R1,=GPIO_PORTA_DATA
   22 00000010 6808            LDR              R0,[R1]
   23 00000012 F080 0080       EOR              R0,#0x80
   24 00000016 6008            STR              R0,[R1]
   25 00000018         
   26 00000018 4941            LDR              R1,=SSI0_DR
   27 0000001A 600C            STR              R4,[R1]
   28 0000001C F000 F874       BL               fifo
   29 00000020 600D            STR              R5,[R1]
   30 00000022 F000 F871       BL               fifo
   31 00000026         
   32 00000026 493D            LDR              R1,=GPIO_PORTA_DATA
   33 00000028 6808            LDR              R0,[R1]
   34 0000002A F080 0080       EOR              R0,#0x80
   35 0000002E 6008            STR              R0,[R1]
   36 00000030         
   37 00000030 493B            LDR              R1,=SSI0_DR
   38 00000032 F04F 00FF       MOV              R0,#0xFF
   39 00000036 6008            STR              R0,[R1]
   40 00000038 F000 F866       BL               fifo
   41 0000003C         
   42 0000003C F104 0401       ADD              R4,R4,#0x01
   43 00000040 E7E3            B                ver1
   44 00000042         
   45 00000042 F04F 0585 
                       set1    MOV              R5,#0x85
   46 00000046 F04F 0445       MOV              R4,#0x45
   47 0000004A         
   48 0000004A 2DC6    hor1    CMP              R5,#0xC6
   49 0000004C D019            BEQ              set2
   50 0000004E         
   51 0000004E 4933            LDR              R1,=GPIO_PORTA_DATA



ARM Macro Assembler    Page 2 


   52 00000050 6808            LDR              R0,[R1]
   53 00000052 F080 0080       EOR              R0,#0x80
   54 00000056 6008            STR              R0,[R1]
   55 00000058         
   56 00000058 4931            LDR              R1,=SSI0_DR
   57 0000005A 600C            STR              R4,[R1]
   58 0000005C F000 F854       BL               fifo
   59 00000060 600D            STR              R5,[R1]
   60 00000062 F000 F851       BL               fifo
   61 00000066         
   62 00000066 492D            LDR              R1,=GPIO_PORTA_DATA
   63 00000068 6808            LDR              R0,[R1]
   64 0000006A F080 0080       EOR              R0,#0x80
   65 0000006E 6008            STR              R0,[R1]
   66 00000070         
   67 00000070 492B            LDR              R1,=SSI0_DR
   68 00000072 F04F 0001       MOV              R0,#0x01
   69 00000076 6008            STR              R0,[R1]
   70 00000078 F000 F846       BL               fifo
   71 0000007C         
   72 0000007C F105 0501       ADD              R5,R5,#0x01
   73 00000080 E7E3            B                hor1
   74 00000082         
   75 00000082 F04F 0441 
                       set2    MOV              R4,#0x41
   76 00000086 F04F 05C5       MOV              R5,#0xC5
   77 0000008A         
   78 0000008A 2C45    ver2    CMP              R4,#0x45
   79 0000008C D019            BEQ              set3
   80 0000008E         
   81 0000008E 4923            LDR              R1,=GPIO_PORTA_DATA
   82 00000090 6808            LDR              R0,[R1]
   83 00000092 F080 0080       EOR              R0,#0x80
   84 00000096 6008            STR              R0,[R1]
   85 00000098         
   86 00000098 4921            LDR              R1,=SSI0_DR
   87 0000009A 600C            STR              R4,[R1]
   88 0000009C F000 F834       BL               fifo
   89 000000A0 600D            STR              R5,[R1]
   90 000000A2 F000 F831       BL               fifo
   91 000000A6         
   92 000000A6 491D            LDR              R1,=GPIO_PORTA_DATA
   93 000000A8 6808            LDR              R0,[R1]
   94 000000AA F080 0080       EOR              R0,#0x80
   95 000000AE 6008            STR              R0,[R1]
   96 000000B0         
   97 000000B0 491B            LDR              R1,=SSI0_DR
   98 000000B2 F04F 00FF       MOV              R0,#0xFF
   99 000000B6 6008            STR              R0,[R1]
  100 000000B8 F000 F826       BL               fifo
  101 000000BC         
  102 000000BC F104 0401       ADD              R4,R4,#0x01
  103 000000C0 E7E3            B                ver2
  104 000000C2         
  105 000000C2 F04F 0440 
                       set3    MOV              R4,#0x40
  106 000000C6 F04F 0585       MOV              R5,#0x85
  107 000000CA         
  108 000000CA 2DC6    hor2    CMP              R5,#0xC6



ARM Macro Assembler    Page 3 


  109 000000CC D019            BEQ              done
  110 000000CE         
  111 000000CE 4913            LDR              R1,=GPIO_PORTA_DATA
  112 000000D0 6808            LDR              R0,[R1]
  113 000000D2 F080 0080       EOR              R0,#0x80
  114 000000D6 6008            STR              R0,[R1]
  115 000000D8         
  116 000000D8 4911            LDR              R1,=SSI0_DR
  117 000000DA 600C            STR              R4,[R1]
  118 000000DC F000 F814       BL               fifo
  119 000000E0 600D            STR              R5,[R1]
  120 000000E2 F000 F811       BL               fifo
  121 000000E6         
  122 000000E6 490D            LDR              R1,=GPIO_PORTA_DATA
  123 000000E8 6808            LDR              R0,[R1]
  124 000000EA F080 0080       EOR              R0,#0x80
  125 000000EE 6008            STR              R0,[R1]
  126 000000F0         
  127 000000F0 490B            LDR              R1,=SSI0_DR
  128 000000F2 F04F 0080       MOV              R0,#0x80
  129 000000F6 6008            STR              R0,[R1]
  130 000000F8 F000 F806       BL               fifo
  131 000000FC         
  132 000000FC F105 0501       ADD              R5,R5,#0x01
  133 00000100 E7E3            B                hor2
  134 00000102         
  135 00000102 F85D EB04 
                       done    POP              {LR}
  136 00000106 4770            BX               LR
  137 00000108         
  138 00000108         ;check fifo if EMPTY OR NOT/ BUSY
  139 00000108 B503    fifo    PUSH             {LR,R1,R0}
  140 0000010A 4906            LDR              R1,=SSI0_SR
  141 0000010C 6808    check   LDR              R0,[R1]
  142 0000010E F010 0010       ANDS             R0,#0x10
  143 00000112 D1FB            BNE              check
  144 00000114 E8BD 4003       POP              {LR,R1,R0}
  145 00000118 4770            BX               LR
  146 0000011A         
  147 0000011A                 ENDP
  148 0000011A 00 00           ALIGN
  149 0000011C                 END
              40004300 
              40008008 
              4000800C 
Command Line: --debug --xref --diag_suppress=9931 --cpu=Cortex-M4.fp --apcs=int
erwork --depend=.\objects\border.d -o.\objects\border.o -I.\RTE\_Target_1 -IC:\
Keil_v5\ARM\PACK\Keil\TM4C_DFP\1.1.0\Device\Include\TM4C123 -IC:\Keil_v5\ARM\CM
SIS\Include --predefine="__EVAL SETA 1" --predefine="__UVISION_VERSION SETA 526
" --predefine="TM4C123GH6PM SETA 1" --list=.\listings\border.lst Border.s



ARM Macro Assembler    Page 1 Alphabetic symbol ordering
Relocatable symbols

DrawBorder 00000000

Symbol: DrawBorder
   Definitions
      At line 11 in file Border.s
   Uses
      At line 9 in file Border.s
Comment: DrawBorder used once
check 0000010C

Symbol: check
   Definitions
      At line 141 in file Border.s
   Uses
      At line 143 in file Border.s
Comment: check used once
done 00000102

Symbol: done
   Definitions
      At line 135 in file Border.s
   Uses
      At line 109 in file Border.s
Comment: done used once
fifo 00000108

Symbol: fifo
   Definitions
      At line 139 in file Border.s
   Uses
      At line 28 in file Border.s
      At line 30 in file Border.s
      At line 40 in file Border.s
      At line 58 in file Border.s
      At line 60 in file Border.s
      At line 70 in file Border.s
      At line 88 in file Border.s
      At line 90 in file Border.s
      At line 100 in file Border.s
      At line 118 in file Border.s
      At line 120 in file Border.s
      At line 130 in file Border.s

hor1 0000004A

Symbol: hor1
   Definitions
      At line 48 in file Border.s
   Uses
      At line 73 in file Border.s
Comment: hor1 used once
hor2 000000CA

Symbol: hor2
   Definitions
      At line 108 in file Border.s
   Uses
      At line 133 in file Border.s
Comment: hor2 used once



ARM Macro Assembler    Page 2 Alphabetic symbol ordering
Relocatable symbols

routines 00000000

Symbol: routines
   Definitions
      At line 7 in file Border.s
   Uses
      None
Comment: routines unused
set1 00000042

Symbol: set1
   Definitions
      At line 45 in file Border.s
   Uses
      At line 19 in file Border.s
Comment: set1 used once
set2 00000082

Symbol: set2
   Definitions
      At line 75 in file Border.s
   Uses
      At line 49 in file Border.s
Comment: set2 used once
set3 000000C2

Symbol: set3
   Definitions
      At line 105 in file Border.s
   Uses
      At line 79 in file Border.s
Comment: set3 used once
ver1 0000000A

Symbol: ver1
   Definitions
      At line 18 in file Border.s
   Uses
      At line 43 in file Border.s
Comment: ver1 used once
ver2 0000008A

Symbol: ver2
   Definitions
      At line 78 in file Border.s
   Uses
      At line 103 in file Border.s
Comment: ver2 used once
12 symbols



ARM Macro Assembler    Page 1 Alphabetic symbol ordering
Absolute symbols

GPIO_PORTA_DATA 40004300

Symbol: GPIO_PORTA_DATA
   Definitions
      At line 1 in file Border.s
   Uses
      At line 21 in file Border.s
      At line 32 in file Border.s
      At line 51 in file Border.s
      At line 62 in file Border.s
      At line 81 in file Border.s
      At line 92 in file Border.s
      At line 111 in file Border.s
      At line 122 in file Border.s

SSI0_DR 40008008

Symbol: SSI0_DR
   Definitions
      At line 2 in file Border.s
   Uses
      At line 26 in file Border.s
      At line 37 in file Border.s
      At line 56 in file Border.s
      At line 67 in file Border.s
      At line 86 in file Border.s
      At line 97 in file Border.s
      At line 116 in file Border.s
      At line 127 in file Border.s

SSI0_SR 4000800C

Symbol: SSI0_SR
   Definitions
      At line 3 in file Border.s
   Uses
      At line 140 in file Border.s
Comment: SSI0_SR used once
3 symbols
351 symbols in table
