


ARM Macro Assembler    Page 1 


    1 00000000 40004300 
                       GPIO_PORTA_DATA
                               EQU              0x40004300
    2 00000000 40008008 
                       SSI0_DR EQU              0x40008008
    3 00000000 4000800C 
                       SSI0_SR EQU              0x4000800C
    4 00000000 40038028 
                       ADC0PSSI
                               EQU              0x40038028
    5 00000000         ;*******************************************************
                       *****
    6 00000000 20000400 
                       CursorX EQU              0x20000400
    7 00000000 20000404 
                       CursorY EQU              0x20000404
    8 00000000         
    9 00000000 20001890 
                       tempX   EQU              0x20001890
   10 00000000 20001891 
                       tempY   EQU              0x20001891
   11 00000000 20001892 
                       tempD   EQU              0x20001892
   12 00000000         
   13 00000000         
   14 00000000         ;-------------------------------------------------------
                       -----     
   15 00000000                 AREA             routines, CODE, READONLY
   16 00000000                 THUMB
   17 00000000                 EXPORT           Calibrator
   18 00000000         
   19 00000000         Calibrator
                               PROC
   20 00000000 B500            PUSH             {LR}
   21 00000002         
   22 00000002         
   23 00000002 F04F 0031       MOV              R0,#0x31    ; (31)b16 = (49)b10
                                                            
   24 00000006 FB04 F400       MUL              R4,R4,R0
   25 0000000A F640 70FF       MOV              R0,#0xFFF   ; X address (R4)
   26 0000000E FBB4 F4F0       UDIV             R4,R4,R0
   27 00000012 F104 0406       ADD              R4,R4,#0x6
   28 00000016         
   29 00000016 462A            MOV              R2,R5
   30 00000018 F04F 0003       MOV              R0,#0x3
   31 0000001C FB05 F500       MUL              R5,R5,R0
   32 00000020 F640 70FF       MOV              R0,#0xFFF   ; Y address (R5)
   33 00000024 FBB5 F5F0       UDIV             R5,R5,R0
   34 00000028 F105 0501       ADD              R5,R5,#1
   35 0000002C         
   36 0000002C F240 5355       MOV              R3,#1365
   37 00000030 FBB2 F3F3       UDIV             R3,R2,R3
   38 00000034 F240 5055       MOV              R0,#1365    ; Required Shift (R
                                                            2)
   39 00000038 FB03 F300       MUL              R3,R3,R0
   40 0000003C EBA2 0203       SUB              R2,R2,R3
   41 00000040 F04F 0007       MOV              R0,#7
   42 00000044 FB02 F200       MUL              R2,R2,R0
   43 00000048 F240 5055       MOV              R0,#1365



ARM Macro Assembler    Page 2 


   44 0000004C FBB2 F2F0       UDIV             R2,R2,R0
   45 00000050 F04F 0001       MOV              R0,#0x01
   46 00000054 FA00 F202       LSL              R2,R0,R2
   47 00000058         
   48 00000058         
   49 00000058         
   50 00000058 497B            LDR              R1,=GPIO_PORTA_DATA
   51 0000005A 6808            LDR              R0,[R1]
   52 0000005C F020 0080       BIC              R0,#0x80
   53 00000060 6008            STR              R0,[R1]
   54 00000062         
   55 00000062 497A            LDR              R1,=SSI0_DR
   56 00000064 F04F 0040       MOV              R0,#0x40
   57 00000068 6008            STR              R0,[R1]
   58 0000006A F000 F8E4       BL               fifo
   59 0000006E F04F 0085       MOV              R0,#0x85
   60 00000072 6008            STR              R0,[R1]
   61 00000074 F000 F8DF       BL               fifo
   62 00000078         
   63 00000078 4973            LDR              R1,=GPIO_PORTA_DATA
   64 0000007A 6808            LDR              R0,[R1]
   65 0000007C F080 0080       EOR              R0,#0x80
   66 00000080 6008            STR              R0,[R1]
   67 00000082         
   68 00000082 F44F 73AF       MOV              R3,#350
   69 00000086 4971            LDR              R1,=SSI0_DR
   70 00000088 F04F 0000       MOV              R0,#0x0
   71 0000008C 6008    here    STR              R0,[R1]
   72 0000008E F000 F8D2       BL               fifo
   73 00000092 3B01            SUBS             R3,#1
   74 00000094 2B00            CMP              R3,#0
   75 00000096 D1F9            BNE              here
   76 00000098         
   77 00000098         
   78 00000098         
   79 00000098         
   80 00000098 496B            LDR              R1,=GPIO_PORTA_DATA
   81 0000009A 6808            LDR              R0,[R1]
   82 0000009C F020 0080       BIC              R0,#0x80
   83 000000A0 6008            STR              R0,[R1]
   84 000000A2         
   85 000000A2 F04F 0080       MOV              R0,#0x80
   86 000000A6 EA40 0004       ORR              R0,R0,R4
   87 000000AA 4968            LDR              R1,=SSI0_DR
   88 000000AC 6008            STR              R0,[R1]
   89 000000AE F000 F8C2       BL               fifo
   90 000000B2         
   91 000000B2 F04F 0040       MOV              R0,#0x40
   92 000000B6 EA45 0000       ORR              R0,R5,R0
   93 000000BA 4964            LDR              R1,=SSI0_DR
   94 000000BC 6008            STR              R0,[R1]
   95 000000BE F000 F8BA       BL               fifo
   96 000000C2         
   97 000000C2         
   98 000000C2 4961            LDR              R1,=GPIO_PORTA_DATA
   99 000000C4 6808            LDR              R0,[R1]
  100 000000C6 F080 0080       EOR              R0,#0x80
  101 000000CA 6008            STR              R0,[R1]
  102 000000CC         



ARM Macro Assembler    Page 3 


  103 000000CC 4960            LDR              R1,=tempX
  104 000000CE F801 4B01       STRB             R4,[R1],#1
  105 000000D2 F801 5B01       STRB             R5,[R1],#1
  106 000000D6 700A            STRB             R2,[R1]
  107 000000D8         
  108 000000D8 4613            MOV              R3,R2
  109 000000DA 2A01            CMP              R2,#0x01
  110 000000DC D055            BEQ              top
  111 000000DE 2A80            CMP              R2,#0x80
  112 000000E0 D07E            BEQ              buttom
  113 000000E2         
  114 000000E2         
  115 000000E2 EA4F 0052       LSR              R0,R2,#1
  116 000000E6 EA4F 0142       LSL              R1,R2,#1
  117 000000EA EA42 0200       ORR              R2,R2,R0
  118 000000EE EA42 0201       ORR              R2,R2,R1
  119 000000F2         
  120 000000F2 4956            LDR              R1,=SSI0_DR
  121 000000F4 600A            STR              R2,[R1]
  122 000000F6 F000 F89E       BL               fifo
  123 000000FA         
  124 000000FA 461A    done    MOV              R2,R3
  125 000000FC         
  126 000000FC 4952            LDR              R1,=GPIO_PORTA_DATA
  127 000000FE 6808            LDR              R0,[R1]
  128 00000100 F080 0080       EOR              R0,#0x80
  129 00000104 6008            STR              R0,[R1]
  130 00000106         
  131 00000106 F04F 0080       MOV              R0,#0x80
  132 0000010A EA40 0004       ORR              R0,R0,R4
  133 0000010E 494F            LDR              R1,=SSI0_DR
  134 00000110 6008            STR              R0,[R1]
  135 00000112 F000 F890       BL               fifo
  136 00000116         
  137 00000116 F04F 0040       MOV              R0,#0x40
  138 0000011A EA45 0000       ORR              R0,R5,R0
  139 0000011E 494B            LDR              R1,=SSI0_DR
  140 00000120 6008            STR              R0,[R1]
  141 00000122 F000 F888       BL               fifo
  142 00000126         
  143 00000126 F104 0001       ADD              R0,R4,#1
  144 0000012A F1A4 0301       SUB              R3,R4,#1
  145 0000012E         
  146 0000012E F04F 0180       MOV              R1,#0x80
  147 00000132 EA41 0000       ORR              R0,R1,R0
  148 00000136 4945            LDR              R1,=SSI0_DR
  149 00000138 6008            STR              R0,[R1]
  150 0000013A F000 F87C       BL               fifo
  151 0000013E         
  152 0000013E 4942            LDR              R1,=GPIO_PORTA_DATA
  153 00000140 6808            LDR              R0,[R1]
  154 00000142 F080 0080       EOR              R0,#0x80
  155 00000146 6008            STR              R0,[R1]
  156 00000148         
  157 00000148 4940            LDR              R1,=SSI0_DR
  158 0000014A 600A            STR              R2,[R1]
  159 0000014C F000 F873       BL               fifo
  160 00000150         
  161 00000150 493D            LDR              R1,=GPIO_PORTA_DATA



ARM Macro Assembler    Page 4 


  162 00000152 6808            LDR              R0,[R1]
  163 00000154 F080 0080       EOR              R0,#0x80
  164 00000158 6008            STR              R0,[R1]
  165 0000015A         
  166 0000015A F04F 0180       MOV              R1,#0x80
  167 0000015E EA41 0003       ORR              R0,R1,R3
  168 00000162 493A            LDR              R1,=SSI0_DR
  169 00000164 6008            STR              R0,[R1]
  170 00000166 F000 F866       BL               fifo
  171 0000016A         
  172 0000016A 4937            LDR              R1,=GPIO_PORTA_DATA
  173 0000016C 6808            LDR              R0,[R1]
  174 0000016E F080 0080       EOR              R0,#0x80
  175 00000172 6008            STR              R0,[R1]
  176 00000174         
  177 00000174 4935            LDR              R1,=SSI0_DR
  178 00000176 600A            STR              R2,[R1]
  179 00000178 F000 F85D       BL               fifo
  180 0000017C         
  181 0000017C 4835            LDR              R0,=ADC0PSSI
  182 0000017E F04F 0104       MOV              R1,#0x4     ;INITIATE SS3
  183 00000182 6001            STR              R1,[R0]
  184 00000184         
  185 00000184 F85D EB04       POP              {LR}
  186 00000188 4770            BX               LR
  187 0000018A         
  188 0000018A         
  189 0000018A         
  190 0000018A EA4F 0142 
                       top     LSL              R1,R2,#1
  191 0000018E EA42 0201       ORR              R2,R2,R1
  192 00000192         
  193 00000192 492E            LDR              R1,=SSI0_DR
  194 00000194 600A            STR              R2,[R1]
  195 00000196 F000 F84E       BL               fifo
  196 0000019A         
  197 0000019A 492B            LDR              R1,=GPIO_PORTA_DATA
  198 0000019C 6808            LDR              R0,[R1]
  199 0000019E F080 0080       EOR              R0,#0x80
  200 000001A2 6008            STR              R0,[R1]
  201 000001A4         
  202 000001A4 F1A5 0101       SUB              R1,R5,#1
  203 000001A8         
  204 000001A8 F04F 0040       MOV              R0,#0x40
  205 000001AC EA41 0000       ORR              R0,R1,R0
  206 000001B0 4926            LDR              R1,=SSI0_DR
  207 000001B2 6008            STR              R0,[R1]
  208 000001B4 F000 F83F       BL               fifo
  209 000001B8         
  210 000001B8 F04F 0080       MOV              R0,#0x80
  211 000001BC EA40 0004       ORR              R0,R0,R4
  212 000001C0 4922            LDR              R1,=SSI0_DR
  213 000001C2 6008            STR              R0,[R1]
  214 000001C4 F000 F837       BL               fifo
  215 000001C8         
  216 000001C8 491F            LDR              R1,=GPIO_PORTA_DATA
  217 000001CA 6808            LDR              R0,[R1]
  218 000001CC F080 0080       EOR              R0,#0x80
  219 000001D0 6008            STR              R0,[R1]



ARM Macro Assembler    Page 5 


  220 000001D2         
  221 000001D2 F04F 0280       MOV              R2,#0x80
  222 000001D6 491D            LDR              R1,=SSI0_DR
  223 000001D8 600A            STR              R2,[R1]
  224 000001DA F000 F82C       BL               fifo
  225 000001DE         
  226 000001DE         
  227 000001DE E78C            B                done
  228 000001E0         
  229 000001E0         
  230 000001E0         
  231 000001E0         
  232 000001E0         
  233 000001E0         
  234 000001E0         
  235 000001E0         
  236 000001E0         
  237 000001E0         
  238 000001E0         
  239 000001E0         
  240 000001E0         
  241 000001E0 EA4F 0152 
                       buttom  LSR              R1,R2,#1
  242 000001E4 EA42 0201       ORR              R2,R2,R1
  243 000001E8         
  244 000001E8 4918            LDR              R1,=SSI0_DR
  245 000001EA 600A            STR              R2,[R1]
  246 000001EC F000 F823       BL               fifo
  247 000001F0         
  248 000001F0 4915            LDR              R1,=GPIO_PORTA_DATA
  249 000001F2 6808            LDR              R0,[R1]
  250 000001F4 F080 0080       EOR              R0,#0x80
  251 000001F8 6008            STR              R0,[R1]
  252 000001FA         
  253 000001FA F105 0101       ADD              R1,R5,#1
  254 000001FE         
  255 000001FE F04F 0040       MOV              R0,#0x40
  256 00000202 EA41 0000       ORR              R0,R1,R0
  257 00000206 4911            LDR              R1,=SSI0_DR
  258 00000208 6008            STR              R0,[R1]
  259 0000020A F000 F814       BL               fifo
  260 0000020E         
  261 0000020E F04F 0080       MOV              R0,#0x80
  262 00000212 EA40 0004       ORR              R0,R0,R4
  263 00000216 490D            LDR              R1,=SSI0_DR
  264 00000218 6008            STR              R0,[R1]
  265 0000021A F000 F80C       BL               fifo
  266 0000021E         
  267 0000021E 490A            LDR              R1,=GPIO_PORTA_DATA
  268 00000220 6808            LDR              R0,[R1]
  269 00000222 F080 0080       EOR              R0,#0x80
  270 00000226 6008            STR              R0,[R1]
  271 00000228         
  272 00000228 F04F 0201       MOV              R2,#0x01
  273 0000022C 4907            LDR              R1,=SSI0_DR
  274 0000022E 600A            STR              R2,[R1]
  275 00000230 F000 F801       BL               fifo
  276 00000234         
  277 00000234 E761            B                done



ARM Macro Assembler    Page 6 


  278 00000236         
  279 00000236         
  280 00000236         
  281 00000236         
  282 00000236         
  283 00000236         
  284 00000236         
  285 00000236         ;check fifo if EMPTY OR NOT/ BUSY
  286 00000236 B503    fifo    PUSH             {LR,R1,R0}
  287 00000238 4907            LDR              R1,=SSI0_SR
  288 0000023A 6808    check   LDR              R0,[R1]
  289 0000023C F010 0010       ANDS             R0,#0x10
  290 00000240 D1FB            BNE              check
  291 00000242 E8BD 4003       POP              {LR,R1,R0}
  292 00000246 4770            BX               LR
  293 00000248         
  294 00000248                 ALIGN
  295 00000248                 ENDP
  296 00000248         
  297 00000248         
  298 00000248         
  299 00000248                 END
              40004300 
              40008008 
              20001890 
              40038028 
              4000800C 
Command Line: --debug --xref --diag_suppress=9931 --cpu=Cortex-M4.fp --apcs=int
erwork --depend=.\objects\calibrator.d -o.\objects\calibrator.o -I.\RTE\_Target
_1 -IC:\Keil_v5\ARM\PACK\Keil\TM4C_DFP\1.1.0\Device\Include\TM4C123 -IC:\Keil_v
5\ARM\CMSIS\Include --predefine="__EVAL SETA 1" --predefine="__UVISION_VERSION 
SETA 526" --predefine="TM4C123GH6PM SETA 1" --list=.\listings\calibrator.lst Ca
librator.s



ARM Macro Assembler    Page 1 Alphabetic symbol ordering
Relocatable symbols

Calibrator 00000000

Symbol: Calibrator
   Definitions
      At line 19 in file Calibrator.s
   Uses
      At line 17 in file Calibrator.s
Comment: Calibrator used once
buttom 000001E0

Symbol: buttom
   Definitions
      At line 241 in file Calibrator.s
   Uses
      At line 112 in file Calibrator.s
Comment: buttom used once
check 0000023A

Symbol: check
   Definitions
      At line 288 in file Calibrator.s
   Uses
      At line 290 in file Calibrator.s
Comment: check used once
done 000000FA

Symbol: done
   Definitions
      At line 124 in file Calibrator.s
   Uses
      At line 227 in file Calibrator.s
      At line 277 in file Calibrator.s

fifo 00000236

Symbol: fifo
   Definitions
      At line 286 in file Calibrator.s
   Uses
      At line 58 in file Calibrator.s
      At line 61 in file Calibrator.s
      At line 72 in file Calibrator.s
      At line 89 in file Calibrator.s
      At line 95 in file Calibrator.s
      At line 122 in file Calibrator.s
      At line 135 in file Calibrator.s
      At line 141 in file Calibrator.s
      At line 150 in file Calibrator.s
      At line 159 in file Calibrator.s
      At line 170 in file Calibrator.s
      At line 179 in file Calibrator.s
      At line 195 in file Calibrator.s
      At line 208 in file Calibrator.s
      At line 214 in file Calibrator.s
      At line 224 in file Calibrator.s
      At line 246 in file Calibrator.s
      At line 259 in file Calibrator.s
      At line 265 in file Calibrator.s
      At line 275 in file Calibrator.s



ARM Macro Assembler    Page 2 Alphabetic symbol ordering
Relocatable symbols


here 0000008C

Symbol: here
   Definitions
      At line 71 in file Calibrator.s
   Uses
      At line 75 in file Calibrator.s
Comment: here used once
routines 00000000

Symbol: routines
   Definitions
      At line 15 in file Calibrator.s
   Uses
      None
Comment: routines unused
top 0000018A

Symbol: top
   Definitions
      At line 190 in file Calibrator.s
   Uses
      At line 110 in file Calibrator.s
Comment: top used once
8 symbols



ARM Macro Assembler    Page 1 Alphabetic symbol ordering
Absolute symbols

ADC0PSSI 40038028

Symbol: ADC0PSSI
   Definitions
      At line 4 in file Calibrator.s
   Uses
      At line 181 in file Calibrator.s
Comment: ADC0PSSI used once
CursorX 20000400

Symbol: CursorX
   Definitions
      At line 6 in file Calibrator.s
   Uses
      None
Comment: CursorX unused
CursorY 20000404

Symbol: CursorY
   Definitions
      At line 7 in file Calibrator.s
   Uses
      None
Comment: CursorY unused
GPIO_PORTA_DATA 40004300

Symbol: GPIO_PORTA_DATA
   Definitions
      At line 1 in file Calibrator.s
   Uses
      At line 50 in file Calibrator.s
      At line 63 in file Calibrator.s
      At line 80 in file Calibrator.s
      At line 98 in file Calibrator.s
      At line 126 in file Calibrator.s
      At line 152 in file Calibrator.s
      At line 161 in file Calibrator.s
      At line 172 in file Calibrator.s
      At line 197 in file Calibrator.s
      At line 216 in file Calibrator.s
      At line 248 in file Calibrator.s
      At line 267 in file Calibrator.s

SSI0_DR 40008008

Symbol: SSI0_DR
   Definitions
      At line 2 in file Calibrator.s
   Uses
      At line 55 in file Calibrator.s
      At line 69 in file Calibrator.s
      At line 87 in file Calibrator.s
      At line 93 in file Calibrator.s
      At line 120 in file Calibrator.s
      At line 133 in file Calibrator.s
      At line 139 in file Calibrator.s
      At line 148 in file Calibrator.s
      At line 157 in file Calibrator.s
      At line 168 in file Calibrator.s



ARM Macro Assembler    Page 2 Alphabetic symbol ordering
Absolute symbols

      At line 177 in file Calibrator.s
      At line 193 in file Calibrator.s
      At line 206 in file Calibrator.s
      At line 212 in file Calibrator.s
      At line 222 in file Calibrator.s
      At line 244 in file Calibrator.s
      At line 257 in file Calibrator.s
      At line 263 in file Calibrator.s
      At line 273 in file Calibrator.s

SSI0_SR 4000800C

Symbol: SSI0_SR
   Definitions
      At line 3 in file Calibrator.s
   Uses
      At line 287 in file Calibrator.s
Comment: SSI0_SR used once
tempD 20001892

Symbol: tempD
   Definitions
      At line 11 in file Calibrator.s
   Uses
      None
Comment: tempD unused
tempX 20001890

Symbol: tempX
   Definitions
      At line 9 in file Calibrator.s
   Uses
      At line 103 in file Calibrator.s
Comment: tempX used once
tempY 20001891

Symbol: tempY
   Definitions
      At line 10 in file Calibrator.s
   Uses
      None
Comment: tempY unused
9 symbols
353 symbols in table
