


ARM Macro Assembler    Page 1 


    1 00000000 40004300 
                       GPIO_PORTA_DATA
                               EQU              0x40004300
    2 00000000 40008008 
                       SSI0_DR EQU              0x40008008
    3 00000000 4000800C 
                       SSI0_SR EQU              0x4000800C
    4 00000000 40038028 
                       ADC0PSSI
                               EQU              0x40038028
    5 00000000         ;*******************************************************
                       *****
    6 00000000 20000400 
                       CursorX EQU              0x20000400
    7 00000000 20000404 
                       CursorY EQU              0x20000404
    8 00000000         
    9 00000000 20001890 
                       tempX   EQU              0x20001890
   10 00000000 20001891 
                       tempY   EQU              0x20001891
   11 00000000 20001992 
                       tempD   EQU              0x20001992
   12 00000000         
   13 00000000         
   14 00000000         
   15 00000000         
   16 00000000         ;-------------------------------------------------------
                       -----     
   17 00000000                 AREA             routines, CODE, READONLY
   18 00000000                 THUMB
   19 00000000                 EXPORT           ClearScreen
   20 00000000         
   21 00000000         
   22 00000000         
   23 00000000         
   24 00000000         ClearScreen
                               PROC
   25 00000000         
   26 00000000         
   27 00000000         ; CLEAR PREV POSITION OF THE CURSOR
   28 00000000         
   29 00000000 B500            PUSH             {LR}
   30 00000002         
   31 00000002 4916            LDR              R1,=GPIO_PORTA_DATA
   32 00000004 6808            LDR              R0,[R1]
   33 00000006 F020 0080       BIC              R0,#0x80
   34 0000000A 6008            STR              R0,[R1]
   35 0000000C         
   36 0000000C 4914            LDR              R1,=SSI0_DR
   37 0000000E F04F 0040       MOV              R0,#0x40
   38 00000012 6008            STR              R0,[R1]
   39 00000014 F000 F818       BL               fifo
   40 00000018 F04F 0080       MOV              R0,#0x80
   41 0000001C 6008            STR              R0,[R1]
   42 0000001E F000 F813       BL               fifo
   43 00000022         
   44 00000022 490E            LDR              R1,=GPIO_PORTA_DATA
   45 00000024 6808            LDR              R0,[R1]



ARM Macro Assembler    Page 2 


   46 00000026 F080 0080       EOR              R0,#0x80
   47 0000002A 6008            STR              R0,[R1]
   48 0000002C         
   49 0000002C F44F 637C       MOV              R3,#4032
   50 00000030 490B            LDR              R1,=SSI0_DR
   51 00000032 F04F 0000       MOV              R0,#0x0
   52 00000036 6008    here    STR              R0,[R1]
   53 00000038 F000 F806       BL               fifo
   54 0000003C 3B01            SUBS             R3,#1
   55 0000003E 2B00            CMP              R3,#0
   56 00000040 D1F9            BNE              here
   57 00000042         
   58 00000042         
   59 00000042         
   60 00000042 F85D EB04       POP              {LR}
   61 00000046         
   62 00000046 4770            BX               LR
   63 00000048         
   64 00000048         
   65 00000048         
   66 00000048         
   67 00000048         ;check fifo if EMPTY OR NOT/ BUSY
   68 00000048 B503    fifo    PUSH             {LR,R1,R0}
   69 0000004A 4906            LDR              R1,=SSI0_SR
   70 0000004C 6808    check   LDR              R0,[R1]
   71 0000004E F010 0010       ANDS             R0,#0x10
   72 00000052 D1FB            BNE              check
   73 00000054 E8BD 4003       POP              {LR,R1,R0}
   74 00000058 4770            BX               LR
   75 0000005A         
   76 0000005A 00 00           ALIGN
   77 0000005C                 ENDP
   78 0000005C                 END
              40004300 
              40008008 
              4000800C 
Command Line: --debug --xref --diag_suppress=9931 --cpu=Cortex-M4.fp --apcs=int
erwork --depend=.\objects\clearprev.d -o.\objects\clearprev.o -I.\RTE\_Target_1
 -IC:\Keil_v5\ARM\PACK\Keil\TM4C_DFP\1.1.0\Device\Include\TM4C123 -IC:\Keil_v5\
ARM\CMSIS\Include --predefine="__EVAL SETA 1" --predefine="__UVISION_VERSION SE
TA 526" --predefine="TM4C123GH6PM SETA 1" --list=.\listings\clearprev.lst Clear
Prev.s



ARM Macro Assembler    Page 1 Alphabetic symbol ordering
Relocatable symbols

ClearScreen 00000000

Symbol: ClearScreen
   Definitions
      At line 24 in file ClearPrev.s
   Uses
      At line 19 in file ClearPrev.s
Comment: ClearScreen used once
check 0000004C

Symbol: check
   Definitions
      At line 70 in file ClearPrev.s
   Uses
      At line 72 in file ClearPrev.s
Comment: check used once
fifo 00000048

Symbol: fifo
   Definitions
      At line 68 in file ClearPrev.s
   Uses
      At line 39 in file ClearPrev.s
      At line 42 in file ClearPrev.s
      At line 53 in file ClearPrev.s

here 00000036

Symbol: here
   Definitions
      At line 52 in file ClearPrev.s
   Uses
      At line 56 in file ClearPrev.s
Comment: here used once
routines 00000000

Symbol: routines
   Definitions
      At line 17 in file ClearPrev.s
   Uses
      None
Comment: routines unused
5 symbols



ARM Macro Assembler    Page 1 Alphabetic symbol ordering
Absolute symbols

ADC0PSSI 40038028

Symbol: ADC0PSSI
   Definitions
      At line 4 in file ClearPrev.s
   Uses
      None
Comment: ADC0PSSI unused
CursorX 20000400

Symbol: CursorX
   Definitions
      At line 6 in file ClearPrev.s
   Uses
      None
Comment: CursorX unused
CursorY 20000404

Symbol: CursorY
   Definitions
      At line 7 in file ClearPrev.s
   Uses
      None
Comment: CursorY unused
GPIO_PORTA_DATA 40004300

Symbol: GPIO_PORTA_DATA
   Definitions
      At line 1 in file ClearPrev.s
   Uses
      At line 31 in file ClearPrev.s
      At line 44 in file ClearPrev.s

SSI0_DR 40008008

Symbol: SSI0_DR
   Definitions
      At line 2 in file ClearPrev.s
   Uses
      At line 36 in file ClearPrev.s
      At line 50 in file ClearPrev.s

SSI0_SR 4000800C

Symbol: SSI0_SR
   Definitions
      At line 3 in file ClearPrev.s
   Uses
      At line 69 in file ClearPrev.s
Comment: SSI0_SR used once
tempD 20001992

Symbol: tempD
   Definitions
      At line 11 in file ClearPrev.s
   Uses
      None
Comment: tempD unused
tempX 20001890



ARM Macro Assembler    Page 2 Alphabetic symbol ordering
Absolute symbols


Symbol: tempX
   Definitions
      At line 9 in file ClearPrev.s
   Uses
      None
Comment: tempX unused
tempY 20001891

Symbol: tempY
   Definitions
      At line 10 in file ClearPrev.s
   Uses
      None
Comment: tempY unused
9 symbols
350 symbols in table
