


ARM Macro Assembler    Page 1 


    1 00000000         ;;makes the decision... win/loose
    2 00000000         ;INPUT:r6 contains number of mines, memory for mine and 
                       ship positions
    3 00000000         
    4 00000000 2000187D 
                       startSh EQU              0x2000187d  ; info abt ships po
                                                            sition flag(type of
                                                             ship),X,Ysection,Y
                                                            position
    5 00000000 20001895 
                       startMi EQU              0x20001895  ; info abt mine pos
                                                            ition X,Ysection,Yp
                                                            osition,empty
    6 00000000 200018C9 
                       R6Memory
                               EQU              0x200018C9
    7 00000000         ;LABEL  DIRECTIVE VALUE  COMMENT
    8 00000000                 AREA             routines, READONLY, CODE
    9 00000000                 THUMB
   10 00000000                 EXTERN           vicinityM
   11 00000000                 EXTERN           __main
   12 00000000                 EXTERN           XDISPLAY
   13 00000000                 EXTERN           DELAY100
   14 00000000                 EXPORT           DECISION
   15 00000000         
   16 00000000         DECISION
                               PROC
   17 00000000 E92D 5FFF       PUSH             {R0-R12,LR}
   18 00000004 F04F 0800       MOV              R8,#0       ;hit count flag, 
   19 00000008 F04F 0B04       MOV              r11,#4      ;ship data counter
   20 0000000C         
   21 0000000C 494F            LDR              R1,=R6Memory
   22 0000000E 600E            STR              R6,[R1]
   23 00000010         
   24 00000010 46B4            MOV              R12,R6
   25 00000012 2E00            CMP              R6,#0       ;no mine is placed 
                                                            and time runs out, 
                                                            definite loose
   26 00000014 D040            BEQ              loose
   27 00000016         
   28 00000016 F8DF 9138       LDR              R9,=startSh ;for ship data
   29 0000001A F899 A000 
                       here2   LDRB             R10,[R9]    ;FLAG(civilian/batt
                                                            le)
   30 0000001E F819 4F01       LDRB             R4,[R9,#1]! ; x coordinate
   31 00000022 F819 5F01       LDRB             R5,[R9,#1]! ; y coordinate (sec
                                                            tion)
   32 00000026 F819 6F01       LDRB             R6,[R9,#1]! ;y coordinate (with
                                                            in section) 
   33 0000002A         
   34 0000002A 484A            LDR              R0,=startMi ;initial address of
                                                             memory for mine da
                                                            ta
   35 0000002C 7801    here1   LDRB             R1,[R0]     ;x coordinate
   36 0000002E F810 2F01       LDRB             R2,[R0,#1]! ; y coordinate (sec
                                                            tion)
   37 00000032 F810 3F01       LDRB             R3,[R0,#1]! ; y coordinate (wit
                                                            hin section)
   38 00000036 F7FF FFFE       BL               vicinityM



ARM Macro Assembler    Page 2 


   39 0000003A F1BA 0F01       CMP              R10,#1      ;CIVILIAN SHIP?
   40 0000003E D000            BEQ              CIVIL       ;yes
   41 00000040 E004            B                battle      ;otherwise it is  b
                                                            attle ship
   42 00000042 2F01    CIVIL   CMP              R7,#1       ;if civilian ship, 
                                                            does mine hit? vici
                                                            nity..1 implies it 
                                                            does
   43 00000044 D028            BEQ              loose
   44 00000046 F108 0801       ADD              R8,#1       ;for civil ship did
                                                             not hit flag
   45 0000004A E003            B                nextmine
   46 0000004C         
   47 0000004C 2F01    battle  CMP              R7,#1       ;vicinity check
   48 0000004E D101            BNE              nextmine    ;not in vicinity, c
                                                            heck next mine
   49 00000050 F108 0801       ADD              R8,#1       ;in vicinity, raise
                                                             hit count flag..
   50 00000054 F100 0002 
                       nextmine
                               ADD              R0,R0,#2
   51 00000058 F1BC 0C01       SUBS             R12,#1
   52 0000005C D1E6            BNE              here1
   53 0000005E F1B8 0F00       CMP              R8,#0       ; if this flag zero
                                                            ==> did not hit the
                                                             batlleship, 1 hit 
                                                            the battleship or d
                                                            id not hit civilian
                                                            
   54 00000062 D019            BEQ              loose       ;did not hit the ba
                                                            ttleship
   55 00000064         ;   MOV  R6,R12  ;reset mine counter
   56 00000064 F8DF C0E4       LDR              R12,=R6Memory
   57 00000068 F8DC C000       LDR              R12,[R12]
   58 0000006C F04F 0800       MOV              R8,#0       ;reset the hit flag
                                                            
   59 00000070 F109 0901       ADD              R9,#1       ;for next ship data
                                                            
   60 00000074 F1BB 0B01       SUBS             R11,#1
   61 00000078 D1CF            BNE              here2
   62 0000007A         ;win/loose display
   63 0000007A         
   64 0000007A F04F 0429 
                       win     MOV              R4,#41
   65 0000007E F04F 0503       MOV              R5,#3
   66 00000082 F04F 0CFF       MOV              R12,#0xff
   67 00000086 F7FF FFFE       BL               XDISPLAY
   68 0000008A F7FF FFFE       BL               XDISPLAY
   69 0000008E F7FF FFFE       BL               XDISPLAY
   70 00000092 F7FF FFFE       BL               XDISPLAY
   71 00000096 E055            B                done
   72 00000098 F04F 0429 
                       loose   MOV              R4,#41
   73 0000009C F04F 0503       MOV              R5,#3
   74 000000A0 F04F 0CF8       MOV              R12,#0xf8
   75 000000A4 F7FF FFFE       BL               XDISPLAY
   76 000000A8 F7FF FFFE       BL               XDISPLAY
   77 000000AC F7FF FFFE       BL               XDISPLAY
   78 000000B0 F7FF FFFE       BL               XDISPLAY



ARM Macro Assembler    Page 3 


   79 000000B4         
   80 000000B4 F7FF FFFE       BL               DELAY100
   81 000000B8 F7FF FFFE       BL               DELAY100
   82 000000BC F7FF FFFE       BL               DELAY100
   83 000000C0 F7FF FFFE       BL               DELAY100
   84 000000C4 F7FF FFFE       BL               DELAY100
   85 000000C8 F7FF FFFE       BL               DELAY100
   86 000000CC F7FF FFFE       BL               DELAY100
   87 000000D0 F7FF FFFE       BL               DELAY100
   88 000000D4 F7FF FFFE       BL               DELAY100
   89 000000D8 F7FF FFFE       BL               DELAY100
   90 000000DC F7FF FFFE       BL               DELAY100
   91 000000E0 F7FF FFFE       BL               DELAY100
   92 000000E4 F7FF FFFE       BL               DELAY100
   93 000000E8 F7FF FFFE       BL               DELAY100
   94 000000EC F7FF FFFE       BL               DELAY100
   95 000000F0 F7FF FFFE       BL               DELAY100
   96 000000F4 F7FF FFFE       BL               DELAY100
   97 000000F8 F7FF FFFE       BL               DELAY100
   98 000000FC F7FF FFFE       BL               DELAY100
   99 00000100 F7FF FFFE       BL               DELAY100
  100 00000104 F7FF FFFE       BL               DELAY100
  101 00000108 F7FF FFFE       BL               DELAY100
  102 0000010C F7FF FFFE       BL               DELAY100
  103 00000110 F7FF FFFE       BL               DELAY100
  104 00000114 F7FF FFFE       BL               DELAY100
  105 00000118 F7FF FFFE       BL               DELAY100
  106 0000011C F7FF FFFE       BL               DELAY100
  107 00000120 F7FF FFFE       BL               DELAY100
  108 00000124 F7FF FFFE       BL               DELAY100
  109 00000128 F7FF FFFE       BL               DELAY100
  110 0000012C F7FF FFFE       BL               DELAY100
  111 00000130 F7FF FFFE       BL               DELAY100
  112 00000134 F7FF FFFE       BL               DELAY100
  113 00000138 F7FF FFFE       BL               DELAY100
  114 0000013C F7FF FFFE       BL               DELAY100
  115 00000140 F7FF FFFE       BL               DELAY100
  116 00000144         
  117 00000144         
  118 00000144         
  119 00000144         
  120 00000144 E8BD 5FFF 
                       done    POP              {R0-R12,LR}
  121 00000148 4770            BX               LR
  122 0000014A                 ENDP
  123 0000014A 00 00           ALIGN
  124 0000014C                 END
              200018C9 
              2000187D 
              20001895 
Command Line: --debug --xref --diag_suppress=9931 --cpu=Cortex-M4.fp --apcs=int
erwork --depend=.\objects\decision_maker.d -o.\objects\decision_maker.o -I.\RTE
\_Target_1 -IC:\Keil_v5\ARM\PACK\Keil\TM4C_DFP\1.1.0\Device\Include\TM4C123 -IC
:\Keil_v5\ARM\CMSIS\Include --predefine="__EVAL SETA 1" --predefine="__UVISION_
VERSION SETA 526" --predefine="TM4C123GH6PM SETA 1" --list=.\listings\decision_
maker.lst decision_maker.s



ARM Macro Assembler    Page 1 Alphabetic symbol ordering
Relocatable symbols

CIVIL 00000042

Symbol: CIVIL
   Definitions
      At line 42 in file decision_maker.s
   Uses
      At line 40 in file decision_maker.s
Comment: CIVIL used once
DECISION 00000000

Symbol: DECISION
   Definitions
      At line 16 in file decision_maker.s
   Uses
      At line 14 in file decision_maker.s
Comment: DECISION used once
battle 0000004C

Symbol: battle
   Definitions
      At line 47 in file decision_maker.s
   Uses
      At line 41 in file decision_maker.s
Comment: battle used once
done 00000144

Symbol: done
   Definitions
      At line 120 in file decision_maker.s
   Uses
      At line 71 in file decision_maker.s
Comment: done used once
here1 0000002C

Symbol: here1
   Definitions
      At line 35 in file decision_maker.s
   Uses
      At line 52 in file decision_maker.s
Comment: here1 used once
here2 0000001A

Symbol: here2
   Definitions
      At line 29 in file decision_maker.s
   Uses
      At line 61 in file decision_maker.s
Comment: here2 used once
loose 00000098

Symbol: loose
   Definitions
      At line 72 in file decision_maker.s
   Uses
      At line 26 in file decision_maker.s
      At line 43 in file decision_maker.s
      At line 54 in file decision_maker.s

nextmine 00000054



ARM Macro Assembler    Page 2 Alphabetic symbol ordering
Relocatable symbols


Symbol: nextmine
   Definitions
      At line 50 in file decision_maker.s
   Uses
      At line 45 in file decision_maker.s
      At line 48 in file decision_maker.s

routines 00000000

Symbol: routines
   Definitions
      At line 8 in file decision_maker.s
   Uses
      None
Comment: routines unused
win 0000007A

Symbol: win
   Definitions
      At line 64 in file decision_maker.s
   Uses
      None
Comment: win unused
10 symbols



ARM Macro Assembler    Page 1 Alphabetic symbol ordering
Absolute symbols

R6Memory 200018C9

Symbol: R6Memory
   Definitions
      At line 6 in file decision_maker.s
   Uses
      At line 21 in file decision_maker.s
      At line 56 in file decision_maker.s

startMi 20001895

Symbol: startMi
   Definitions
      At line 5 in file decision_maker.s
   Uses
      At line 34 in file decision_maker.s
Comment: startMi used once
startSh 2000187D

Symbol: startSh
   Definitions
      At line 4 in file decision_maker.s
   Uses
      At line 28 in file decision_maker.s
Comment: startSh used once
3 symbols



ARM Macro Assembler    Page 1 Alphabetic symbol ordering
External symbols

DELAY100 00000000

Symbol: DELAY100
   Definitions
      At line 13 in file decision_maker.s
   Uses
      At line 80 in file decision_maker.s
      At line 81 in file decision_maker.s
      At line 82 in file decision_maker.s
      At line 83 in file decision_maker.s
      At line 84 in file decision_maker.s
      At line 85 in file decision_maker.s
      At line 86 in file decision_maker.s
      At line 87 in file decision_maker.s
      At line 88 in file decision_maker.s
      At line 89 in file decision_maker.s
      At line 90 in file decision_maker.s
      At line 91 in file decision_maker.s
      At line 92 in file decision_maker.s
      At line 93 in file decision_maker.s
      At line 94 in file decision_maker.s
      At line 95 in file decision_maker.s
      At line 96 in file decision_maker.s
      At line 97 in file decision_maker.s
      At line 98 in file decision_maker.s
      At line 99 in file decision_maker.s
      At line 100 in file decision_maker.s
      At line 101 in file decision_maker.s
      At line 102 in file decision_maker.s
      At line 103 in file decision_maker.s
      At line 104 in file decision_maker.s
      At line 105 in file decision_maker.s
      At line 106 in file decision_maker.s
      At line 107 in file decision_maker.s
      At line 108 in file decision_maker.s
      At line 109 in file decision_maker.s
      At line 110 in file decision_maker.s
      At line 111 in file decision_maker.s
      At line 112 in file decision_maker.s
      At line 113 in file decision_maker.s
      At line 114 in file decision_maker.s
      At line 115 in file decision_maker.s

XDISPLAY 00000000

Symbol: XDISPLAY
   Definitions
      At line 12 in file decision_maker.s
   Uses
      At line 67 in file decision_maker.s
      At line 68 in file decision_maker.s
      At line 69 in file decision_maker.s
      At line 70 in file decision_maker.s
      At line 75 in file decision_maker.s
      At line 76 in file decision_maker.s
      At line 77 in file decision_maker.s
      At line 78 in file decision_maker.s

__main 00000000



ARM Macro Assembler    Page 2 Alphabetic symbol ordering
External symbols


Symbol: __main
   Definitions
      At line 11 in file decision_maker.s
   Uses
      None
Comment: __main unused
vicinityM 00000000

Symbol: vicinityM
   Definitions
      At line 10 in file decision_maker.s
   Uses
      At line 38 in file decision_maker.s
Comment: vicinityM used once
4 symbols
353 symbols in table
