


ARM Macro Assembler    Page 1 


    1 00000000         ;*******************************************************
                       **
    2 00000000         ;*******************************************************
                       **
    3 00000000                 AREA             routines, CODE, READONLY
    4 00000000                 THUMB
    5 00000000                 EXPORT           ship_battle
    6 00000000                 EXPORT           ship_civil
    7 00000000                 EXTERN           DISPLAY
    8 00000000         
    9 00000000         ;*******************************************************
                       **
   10 00000000         ;*******************************************************
                       **
   11 00000000         ;*******************************************************
                       ** 
   12 00000000         
   13 00000000         ship_battle
                               PROC
   14 00000000 E92D 51F4       PUSH             {LR,R2,R4,R5,R8,R7,r6,r12}
   15 00000004 B424            PUSH             {R2,R5}
   16 00000006 B410            PUSH{R4}
   17 00000008         ;FIRST LINE, LAST LINE SINGLE LINE
   18 00000008 2A00            CMP              R2,#0
   19 0000000A D10A            BNE              SKP
   20 0000000C F04F 06FF       MOV              R6,#0Xff
   21 00000010 46B4            MOV              R12,R6
   22 00000012 F7FF FFFE       BL               DISPLAY
   23 00000016 F104 0407       ADD              R4,#7
   24 0000001A F7FF FFFE       BL               DISPLAY
   25 0000001E F000 F81E       BL               NL
   26 00000022         
   27 00000022 F04F 0801 
                       SKP     MOV              R8,#1
   28 00000026 EA4F 0848 
                       AG      LSL              R8,#1
   29 0000002A 3A01            SUBS             R2,#1
   30 0000002C D1FB            BNE              AG
   31 0000002E F088 08FF       EOR              R8,#0XFF
   32 00000032 F108 0801       ADD              R8,#1       ;1S COMPLEMENT
   33 00000036         ;DISPLAY
   34 00000036 46C4            MOV              R12,R8
   35 00000038 F7FF FFFE       BL               DISPLAY
   36 0000003C F104 0407       ADD              R4,#7
   37 00000040 F7FF FFFE       BL               DISPLAY
   38 00000044 F1A4 0407       SUB              R4,#7
   39 00000048 F088 08FF       EOR              R8,#0XFF    ; FOR REMAINING BIT
                                                            S TO DISPLAY
   40 0000004C         ;INCREMENT Y SECTION ADRESS
   41 0000004C F105 0501       ADD              R5,#1
   42 00000050         ;DISPLAY
   43 00000050 46C4            MOV              R12,R8
   44 00000052 F7FF FFFE       BL               DISPLAY
   45 00000056 F104 0407       ADD              R4,#7
   46 0000005A F7FF FFFE       BL               DISPLAY
   47 0000005E         
   48 0000005E BC10    NL      POP{R4}
   49 00000060 BC24            POP              {R2,R5}
   50 00000062 F104 0401       ADD              R4,#1



ARM Macro Assembler    Page 2 


   51 00000066         ;THE OTHER LINES
   52 00000066 F04F 0806       MOV              R8,#6
   53 0000006A 2A00            CMP              R2,#0
   54 0000006C D109            BNE              SKIP1
   55 0000006E F04F 0C81       MOV              R12,#0X81   ;10000001
   56 00000072 F7FF FFFE 
                       DAA     BL               DISPLAY
   57 00000076 F104 0401       ADD              R4,#1
   58 0000007A F1B8 0801       SUBS             R8,#1
   59 0000007E D1F8            BNE              DAA
   60 00000080 E01D            B                ok
   61 00000082         
   62 00000082 E92D 0110 
                       SKIP1   PUSH             {R4,R8}
   63 00000086 4617            MOV              R7,R2
   64 00000088 F04F 0601       MOV              R6,#1
   65 0000008C EA4F 0646 
                       AGAINAA LSL              R6,#1
   66 00000090 3F01            SUBS             R7,#1
   67 00000092 D1FB            BNE              AGAINAA
   68 00000094 46B4            MOV              R12,R6
   69 00000096 F7FF FFFE 
                       DBB     BL               DISPLAY
   70 0000009A F104 0401       ADD              R4,#1
   71 0000009E F1B8 0801       SUBS             R8,#1
   72 000000A2 D1F8            BNE              DBB
   73 000000A4 E8BD 0110       POP              {R4,R8}
   74 000000A8 F105 0501       ADD              R5,#1
   75 000000AC EA4F 0C5C       LSR              R12,#1
   76 000000B0 F7FF FFFE 
                       DCC     BL               DISPLAY
   77 000000B4 F104 0401       ADD              R4,#1
   78 000000B8 F1B8 0801       SUBS             R8,#1
   79 000000BC D1F8            BNE              DCC
   80 000000BE         
   81 000000BE         
   82 000000BE         
   83 000000BE E8BD 51F4 
                       ok      POP              {LR,R2,R4,R5,R8,R7,r6,r12}
   84 000000C2 4770            BX               LR
   85 000000C4                 ALIGN
   86 000000C4                 ENDP
   87 000000C4         
   88 000000C4         
   89 000000C4         
   90 000000C4         
   91 000000C4         ;*******************************************************
                       **
   92 000000C4         ;*******************************************************
                       ** 
   93 000000C4         ;CIVILIAN SHIP 8X8 FILLED SQUARE
   94 000000C4         ; X, Y SECTION, AND POSITION WITHIN THE SECTION
   95 000000C4         ;DISPLAY FROM X TO X+7 ... 8 PIXELS FOR X
   96 000000C4         ;X address (R4),Y address(SECTION) (R5), y POSITION IN r
                       2 WIHTIN A SECTION
   97 000000C4         
   98 000000C4         ship_civil
                               PROC
   99 000000C4 E92D 51F4       PUSH{LR,R2,R4,R5,R8,R6,R7,r12}



ARM Macro Assembler    Page 3 


  100 000000C8 F04F 0808       MOV              R8,#8
  101 000000CC 2A00    HERE    CMP              R2,#0
  102 000000CE D10A            BNE              SKIP
  103 000000D0 F082 06FF       EOR              R6,R2,#0Xff
  104 000000D4 46B4            MOV              R12,R6
  105 000000D6 F7FF FFFE 
                       D       BL               DISPLAY
  106 000000DA F104 0401       ADD              R4,#1
  107 000000DE F1B8 0801       SUBS             R8,#1
  108 000000E2 D1F8            BNE              D
  109 000000E4 E01F            B                DONE
  110 000000E6         
  111 000000E6 F04F 0801 
                       SKIP    MOV              R8,#1
  112 000000EA F04F 0708       MOV              R7,#8
  113 000000EE B490            PUSH             {R4,R7}
  114 000000F0 EA4F 0848 
                       AGAIN   LSL              R8,#1
  115 000000F4 3A01            SUBS             R2,#1
  116 000000F6 D1FB            BNE              AGAIN
  117 000000F8 F088 08FF       EOR              R8,#0XFF
  118 000000FC F108 0801       ADD              R8,#1       ;1S COMPLEMENT
  119 00000100         ;DISPLAY
  120 00000100 46C4            MOV              R12,R8
  121 00000102 F7FF FFFE 
                       DA      BL               DISPLAY
  122 00000106 F104 0401       ADD              R4,#1
  123 0000010A 3F01            SUBS             R7,#1
  124 0000010C D1F9            BNE              DA
  125 0000010E BC90            POP              {R4,R7}
  126 00000110         
  127 00000110 F088 08FF       EOR              R8,#0XFF    ; FOR REMAINING BIT
                                                            S TO DISPLAY
  128 00000114         ;INCREMENT Y SECTION ADRESS
  129 00000114 F105 0501       ADD              R5,#1
  130 00000118         ;DISPLAY
  131 00000118 46C4            MOV              R12,R8
  132 0000011A F7FF FFFE 
                       DB      BL               DISPLAY
  133 0000011E F104 0401       ADD              R4,#1
  134 00000122 3F01            SUBS             R7,#1
  135 00000124 D1F9            BNE              DB
  136 00000126         
  137 00000126 E8BD 51F4 
                       DONE    POP              {LR,R2,R4,R5,R8,R6,R7,r12}
  138 0000012A 4770            BX               LR
  139 0000012C                 ALIGN
  140 0000012C                 ENDP
  141 0000012C                 END
Command Line: --debug --xref --diag_suppress=9931 --cpu=Cortex-M4.fp --apcs=int
erwork --depend=.\objects\icon.d -o.\objects\icon.o -I.\RTE\_Target_1 -IC:\Keil
_v5\ARM\PACK\Keil\TM4C_DFP\1.1.0\Device\Include\TM4C123 -IC:\Keil_v5\ARM\CMSIS\
Include --predefine="__EVAL SETA 1" --predefine="__UVISION_VERSION SETA 526" --
predefine="TM4C123GH6PM SETA 1" --list=.\listings\icon.lst ICON.s



ARM Macro Assembler    Page 1 Alphabetic symbol ordering
Relocatable symbols

AG 00000026

Symbol: AG
   Definitions
      At line 28 in file ICON.s
   Uses
      At line 30 in file ICON.s
Comment: AG used once
AGAIN 000000F0

Symbol: AGAIN
   Definitions
      At line 114 in file ICON.s
   Uses
      At line 116 in file ICON.s
Comment: AGAIN used once
AGAINAA 0000008C

Symbol: AGAINAA
   Definitions
      At line 65 in file ICON.s
   Uses
      At line 67 in file ICON.s
Comment: AGAINAA used once
D 000000D6

Symbol: D
   Definitions
      At line 105 in file ICON.s
   Uses
      At line 108 in file ICON.s
Comment: D used once
DA 00000102

Symbol: DA
   Definitions
      At line 121 in file ICON.s
   Uses
      At line 124 in file ICON.s
Comment: DA used once
DAA 00000072

Symbol: DAA
   Definitions
      At line 56 in file ICON.s
   Uses
      At line 59 in file ICON.s
Comment: DAA used once
DB 0000011A

Symbol: DB
   Definitions
      At line 132 in file ICON.s
   Uses
      At line 135 in file ICON.s
Comment: DB used once
DBB 00000096

Symbol: DBB



ARM Macro Assembler    Page 2 Alphabetic symbol ordering
Relocatable symbols

   Definitions
      At line 69 in file ICON.s
   Uses
      At line 72 in file ICON.s
Comment: DBB used once
DCC 000000B0

Symbol: DCC
   Definitions
      At line 76 in file ICON.s
   Uses
      At line 79 in file ICON.s
Comment: DCC used once
DONE 00000126

Symbol: DONE
   Definitions
      At line 137 in file ICON.s
   Uses
      At line 109 in file ICON.s
Comment: DONE used once
HERE 000000CC

Symbol: HERE
   Definitions
      At line 101 in file ICON.s
   Uses
      None
Comment: HERE unused
NL 0000005E

Symbol: NL
   Definitions
      At line 48 in file ICON.s
   Uses
      At line 25 in file ICON.s
Comment: NL used once
SKIP 000000E6

Symbol: SKIP
   Definitions
      At line 111 in file ICON.s
   Uses
      At line 102 in file ICON.s
Comment: SKIP used once
SKIP1 00000082

Symbol: SKIP1
   Definitions
      At line 62 in file ICON.s
   Uses
      At line 54 in file ICON.s
Comment: SKIP1 used once
SKP 00000022

Symbol: SKP
   Definitions
      At line 27 in file ICON.s
   Uses



ARM Macro Assembler    Page 3 Alphabetic symbol ordering
Relocatable symbols

      At line 19 in file ICON.s
Comment: SKP used once
ok 000000BE

Symbol: ok
   Definitions
      At line 83 in file ICON.s
   Uses
      At line 60 in file ICON.s
Comment: ok used once
routines 00000000

Symbol: routines
   Definitions
      At line 3 in file ICON.s
   Uses
      None
Comment: routines unused
ship_battle 00000000

Symbol: ship_battle
   Definitions
      At line 13 in file ICON.s
   Uses
      At line 5 in file ICON.s
Comment: ship_battle used once
ship_civil 000000C4

Symbol: ship_civil
   Definitions
      At line 98 in file ICON.s
   Uses
      At line 6 in file ICON.s
Comment: ship_civil used once
19 symbols



ARM Macro Assembler    Page 1 Alphabetic symbol ordering
External symbols

DISPLAY 00000000

Symbol: DISPLAY
   Definitions
      At line 7 in file ICON.s
   Uses
      At line 22 in file ICON.s
      At line 24 in file ICON.s
      At line 35 in file ICON.s
      At line 37 in file ICON.s
      At line 44 in file ICON.s
      At line 46 in file ICON.s
      At line 56 in file ICON.s
      At line 69 in file ICON.s
      At line 76 in file ICON.s
      At line 105 in file ICON.s
      At line 121 in file ICON.s
      At line 132 in file ICON.s

1 symbol
354 symbols in table
