


ARM Macro Assembler    Page 1 


    1 00000000         ;****REGISTERS OF Serial Synchronous Interface "0" *****
                       *****
    2 00000000 400FE61C 
                       RCGCSSI EQU              0x400FE61C
    3 00000000 40008000 
                       SSI0_CR0
                               EQU              0x40008000
    4 00000000 40008004 
                       SSI0_CR1
                               EQU              0x40008004
    5 00000000 40008008 
                       SSI0_DR EQU              0x40008008
    6 00000000 4000800C 
                       SSI0_SR EQU              0x4000800C
    7 00000000 40008010 
                       SSI0_CPPSR
                               EQU              0x40008010
    8 00000000 40008014 
                       SSI0_IM EQU              0x40008014
    9 00000000 40008018 
                       SSI0_RIS
                               EQU              0x40008018
   10 00000000 4000801C 
                       SSI0_MIS
                               EQU              0x4000801C
   11 00000000 40008020 
                       SSI0_ICR
                               EQU              0x40008020
   12 00000000 40008FC8 
                       SSI0_CC EQU              0x40008FC8
   13 00000000         ;*******************************************************
                       *****
   14 00000000         ;****REGESTERS OF GPIO PORT A***************************
                       *****
   15 00000000         ;USE PB4,5,6,7 FOR SSI0CLK,SSI0FSS,SSI0RX,SSI0TX RESPECT
                       IVELY
   16 00000000 400FE608 
                       RCGCGPIO
                               EQU              0x400FE608
   17 00000000 400040F0 
                       GPIO_PORTA_DATA
                               EQU              0x400040F0
   18 00000000 40004400 
                       GPIO_PORTA_DIR
                               EQU              0x40004400
   19 00000000 40004420 
                       GPIO_PORTA_AFSEL
                               EQU              0x40004420
   20 00000000 4000452C 
                       GPIO_PORTA_PCTL
                               EQU              0x4000452C
   21 00000000 40004528 
                       GPIO_PORTA_AMSEL
                               EQU              0x40004528
   22 00000000 4000451C 
                       GPIO_PORTA_DEN
                               EQU              0x4000451C
   23 00000000 40004510 
                       GPIO_PORTA_PUR



ARM Macro Assembler    Page 2 


                               EQU              0x40004510
   24 00000000         
   25 00000000         ;*******************************************************
                       *****
   26 00000000         
   27 00000000         ;*******************************************************
                       *****
   28 00000000         ;-------------------------------------------------------
                       -----     
   29 00000000                 AREA             routines, CODE, READONLY
   30 00000000                 THUMB
   31 00000000                 EXPORT           ssi_init
   32 00000000         
   33 00000000         ssi_init
                               PROC
   34 00000000         ; CLOCK CONFIGURATION FOR SSI AND GPIO
   35 00000000         
   36 00000000 491F            LDR              R1,=RCGCSSI
   37 00000002 6808            LDR              R0,[R1]
   38 00000004 F040 0001       ORR              R0,R0,#0x01
   39 00000008 6008            STR              R0,[R1]     ;RUN GPIO PORTA CLO
                                                            CK
   40 0000000A BF00            NOP
   41 0000000C BF00            NOP
   42 0000000E BF00            NOP
   43 00000010         
   44 00000010         
   45 00000010 491C            LDR              R1,=RCGCGPIO
   46 00000012 6808            LDR              R0,[R1]
   47 00000014 F040 0001       ORR              R0,R0,#0x01
   48 00000018 6008            STR              R0,[R1]     ;RUN GPIO PORTA CLO
                                                            CK
   49 0000001A BF00            NOP
   50 0000001C BF00            NOP
   51 0000001E BF00            NOP
   52 00000020         
   53 00000020         
   54 00000020 4919            LDR              R1,=GPIO_PORTA_DEN
   55 00000022 6808            LDR              R0,[R1]
   56 00000024 F040 00FF       ORR              R0,R0,#0xFF ; DIGITAL ENABLE FO
                                                            R PA2,3,4,5,7
   57 00000028 6008            STR              R0,[R1]
   58 0000002A         
   59 0000002A 4918            LDR              R1,=GPIO_PORTA_DIR
   60 0000002C 6808            LDR              R0,[R1]
   61 0000002E F040 00EF       ORR              R0,R0,#0xEF
   62 00000032 6008            STR              R0,[R1]
   63 00000034         
   64 00000034         
   65 00000034 4916            LDR              R1,=GPIO_PORTA_AFSEL
   66 00000036 6808            LDR              R0,[R1]
   67 00000038 F040 003C       ORR              R0,R0,#0x3C ; ENABLE ALTERNATE 
                                                            FUNCTION FOR PA2,3,
                                                            4,5
   68 0000003C 6008            STR              R0,[R1]
   69 0000003E         
   70 0000003E 4915            LDR              R1,=GPIO_PORTA_PCTL
   71 00000040 F242 2000 
              F2C0 0022        MOV32            R0,#0x00222200 ; SET PA2,3,4,5 



ARM Macro Assembler    Page 3 


                                                            to SSI0CLK,SSI0FSS,
                                                            SSI0RX AND SSI0TX
   72 00000048 6008            STR              R0,[R1]
   73 0000004A         
   74 0000004A 4913            LDR              R1,=GPIO_PORTA_PUR
   75 0000004C F04F 0004       MOV              R0,#0x04
   76 00000050 6008            STR              R0,[R1]
   77 00000052         
   78 00000052         
   79 00000052         ; SSI CONFIGURATION  
   80 00000052         ;   LDR  R1,=RCGCSSI
   81 00000052         ;   LDR  R0,[R1]
   82 00000052         ;   ORR  R0,R0,#0x01
   83 00000052         ;   STR  R0,[R1]  ;RUN GPIO PORTA CLOCK
   84 00000052         ;   NOP
   85 00000052         ;   NOP
   86 00000052         ;   NOP
   87 00000052         
   88 00000052         
   89 00000052 4912            LDR              R1,=SSI0_CR1
   90 00000054 6808            LDR              R0,[R1]
   91 00000056 F020 0002       BIC              R0,R0,#0x02 ; DISABLE SSI0
   92 0000005A 6008            STR              R0,[R1]
   93 0000005C         
   94 0000005C 4910            LDR              R1,=SSI0_CC
   95 0000005E F04F 0005       MOV              R0,#0x5
   96 00000062 6008            STR              R0,[R1]     ; SysClk = PIOSC
   97 00000064         
   98 00000064 490F            LDR              R1,=SSI0_CPPSR
   99 00000066 F04F 0002       MOV              R0,#0x02
  100 0000006A 6008            STR              R0,[R1]     ;  SysClk/16
  101 0000006C         
  102 0000006C 490E            LDR              R1,=SSI0_CR0
  103 0000006E F241 40C7       MOV              R0,#0x14C7  ; SET 8 BIT DATA, P
                                                            OLARITY : LOW , PHA
                                                            SE : SECOND EDGE
  104 00000072 6008            STR              R0,[R1]
  105 00000074         
  106 00000074         
  107 00000074 4909            LDR              R1,=SSI0_CR1
  108 00000076 6808            LDR              R0,[R1]
  109 00000078 F040 0012       ORR              R0,R0,#0x12 ; ENABLE SSI0 , ENA
                                                            BLE EOT INTERRUPT
  110 0000007C 6008            STR              R0,[R1]
  111 0000007E         
  112 0000007E 4770            BX               LR
  113 00000080         
  114 00000080         
  115 00000080                 ENDP
  116 00000080         
  117 00000080         
  118 00000080         
  119 00000080                 ALIGN
  120 00000080                 END
              400FE61C 
              400FE608 
              4000451C 
              40004400 
              40004420 



ARM Macro Assembler    Page 4 


              4000452C 
              40004510 
              40008004 
              40008FC8 
              40008010 
              40008000 
Command Line: --debug --xref --diag_suppress=9931 --cpu=Cortex-M4.fp --apcs=int
erwork --depend=.\objects\initializationofssi.d -o.\objects\initializationofssi
.o -I.\RTE\_Target_1 -IC:\Keil_v5\ARM\PACK\Keil\TM4C_DFP\1.1.0\Device\Include\T
M4C123 -IC:\Keil_v5\ARM\CMSIS\Include --predefine="__EVAL SETA 1" --predefine="
__UVISION_VERSION SETA 526" --predefine="TM4C123GH6PM SETA 1" --list=.\listings
\initializationofssi.lst InitializationOfSSI.s



ARM Macro Assembler    Page 1 Alphabetic symbol ordering
Relocatable symbols

routines 00000000

Symbol: routines
   Definitions
      At line 29 in file InitializationOfSSI.s
   Uses
      None
Comment: routines unused
ssi_init 00000000

Symbol: ssi_init
   Definitions
      At line 33 in file InitializationOfSSI.s
   Uses
      At line 31 in file InitializationOfSSI.s
Comment: ssi_init used once
2 symbols



ARM Macro Assembler    Page 1 Alphabetic symbol ordering
Absolute symbols

GPIO_PORTA_AFSEL 40004420

Symbol: GPIO_PORTA_AFSEL
   Definitions
      At line 19 in file InitializationOfSSI.s
   Uses
      At line 65 in file InitializationOfSSI.s
Comment: GPIO_PORTA_AFSEL used once
GPIO_PORTA_AMSEL 40004528

Symbol: GPIO_PORTA_AMSEL
   Definitions
      At line 21 in file InitializationOfSSI.s
   Uses
      None
Comment: GPIO_PORTA_AMSEL unused
GPIO_PORTA_DATA 400040F0

Symbol: GPIO_PORTA_DATA
   Definitions
      At line 17 in file InitializationOfSSI.s
   Uses
      None
Comment: GPIO_PORTA_DATA unused
GPIO_PORTA_DEN 4000451C

Symbol: GPIO_PORTA_DEN
   Definitions
      At line 22 in file InitializationOfSSI.s
   Uses
      At line 54 in file InitializationOfSSI.s
Comment: GPIO_PORTA_DEN used once
GPIO_PORTA_DIR 40004400

Symbol: GPIO_PORTA_DIR
   Definitions
      At line 18 in file InitializationOfSSI.s
   Uses
      At line 59 in file InitializationOfSSI.s
Comment: GPIO_PORTA_DIR used once
GPIO_PORTA_PCTL 4000452C

Symbol: GPIO_PORTA_PCTL
   Definitions
      At line 20 in file InitializationOfSSI.s
   Uses
      At line 70 in file InitializationOfSSI.s
Comment: GPIO_PORTA_PCTL used once
GPIO_PORTA_PUR 40004510

Symbol: GPIO_PORTA_PUR
   Definitions
      At line 23 in file InitializationOfSSI.s
   Uses
      At line 74 in file InitializationOfSSI.s
Comment: GPIO_PORTA_PUR used once
RCGCGPIO 400FE608

Symbol: RCGCGPIO



ARM Macro Assembler    Page 2 Alphabetic symbol ordering
Absolute symbols

   Definitions
      At line 16 in file InitializationOfSSI.s
   Uses
      At line 45 in file InitializationOfSSI.s
Comment: RCGCGPIO used once
RCGCSSI 400FE61C

Symbol: RCGCSSI
   Definitions
      At line 2 in file InitializationOfSSI.s
   Uses
      At line 36 in file InitializationOfSSI.s
Comment: RCGCSSI used once
SSI0_CC 40008FC8

Symbol: SSI0_CC
   Definitions
      At line 12 in file InitializationOfSSI.s
   Uses
      At line 94 in file InitializationOfSSI.s
Comment: SSI0_CC used once
SSI0_CPPSR 40008010

Symbol: SSI0_CPPSR
   Definitions
      At line 7 in file InitializationOfSSI.s
   Uses
      At line 98 in file InitializationOfSSI.s
Comment: SSI0_CPPSR used once
SSI0_CR0 40008000

Symbol: SSI0_CR0
   Definitions
      At line 3 in file InitializationOfSSI.s
   Uses
      At line 102 in file InitializationOfSSI.s
Comment: SSI0_CR0 used once
SSI0_CR1 40008004

Symbol: SSI0_CR1
   Definitions
      At line 4 in file InitializationOfSSI.s
   Uses
      At line 89 in file InitializationOfSSI.s
      At line 107 in file InitializationOfSSI.s

SSI0_DR 40008008

Symbol: SSI0_DR
   Definitions
      At line 5 in file InitializationOfSSI.s
   Uses
      None
Comment: SSI0_DR unused
SSI0_ICR 40008020

Symbol: SSI0_ICR
   Definitions
      At line 11 in file InitializationOfSSI.s



ARM Macro Assembler    Page 3 Alphabetic symbol ordering
Absolute symbols

   Uses
      None
Comment: SSI0_ICR unused
SSI0_IM 40008014

Symbol: SSI0_IM
   Definitions
      At line 8 in file InitializationOfSSI.s
   Uses
      None
Comment: SSI0_IM unused
SSI0_MIS 4000801C

Symbol: SSI0_MIS
   Definitions
      At line 10 in file InitializationOfSSI.s
   Uses
      None
Comment: SSI0_MIS unused
SSI0_RIS 40008018

Symbol: SSI0_RIS
   Definitions
      At line 9 in file InitializationOfSSI.s
   Uses
      None
Comment: SSI0_RIS unused
SSI0_SR 4000800C

Symbol: SSI0_SR
   Definitions
      At line 6 in file InitializationOfSSI.s
   Uses
      None
Comment: SSI0_SR unused
19 symbols
357 symbols in table
