


ARM Macro Assembler    Page 1 


    1 00000000 4000503C 
                       GPIO_PORTB_DATA
                               EQU              0x4000503C
    2 00000000 40004300 
                       GPIO_PORTA_DATA
                               EQU              0x40004300
    3 00000000 40008008 
                       SSI0_DR EQU              0x40008008
    4 00000000 4000800C 
                       SSI0_SR EQU              0x4000800C
    5 00000000         ;*******************************************************
                       ********
    6 00000000         ; GPIO intialization
    7 00000000         ;*******************************************************
                       ********
    8 00000000         ;LABEL  DIRECTIVE VALUE   COMMENT
    9 00000000                 AREA             routines, READONLY, CODE
   10 00000000                 THUMB
   11 00000000                 EXTERN           Calibrator
   12 00000000                 EXPORT           MySysTick
   13 00000000         
   14 00000000         MySysTick
                               PROC
   15 00000000 B500            PUSH             {LR}
   16 00000002         
   17 00000002 4916            LDR              R1,=GPIO_PORTA_DATA
   18 00000004 6808            LDR              R0,[R1]
   19 00000006 F020 0080       BIC              R0,#0x80
   20 0000000A 6008            STR              R0,[R1]
   21 0000000C         
   22 0000000C 4914            LDR              R1,=SSI0_DR
   23 0000000E F04F 0041       MOV              R0,#0x41
   24 00000012 6008            STR              R0,[R1]
   25 00000014 F000 F818       BL               fifo
   26 00000018 F04F 0086       MOV              R0,#0x86
   27 0000001C 6008            STR              R0,[R1]
   28 0000001E F000 F813       BL               fifo
   29 00000022         
   30 00000022 490E            LDR              R1,=GPIO_PORTA_DATA
   31 00000024 6808            LDR              R0,[R1]
   32 00000026 F080 0080       EOR              R0,#0x80
   33 0000002A 6008            STR              R0,[R1]
   34 0000002C         
   35 0000002C F44F 73AF       MOV              R3,#350
   36 00000030 490B            LDR              R1,=SSI0_DR
   37 00000032 F04F 0000       MOV              R0,#0x0
   38 00000036 6008    here    STR              R0,[R1]
   39 00000038 F000 F806       BL               fifo
   40 0000003C 3B01            SUBS             R3,#1
   41 0000003E 2B00            CMP              R3,#0
   42 00000040 D1F9            BNE              here
   43 00000042 F85D EB04       POP              {LR}
   44 00000046 4770            BX               LR
   45 00000048         
   46 00000048         
   47 00000048 B503    fifo    PUSH             {LR,R1,R0}
   48 0000004A 4906            LDR              R1,=SSI0_SR
   49 0000004C 6808    check   LDR              R0,[R1]
   50 0000004E F010 0010       ANDS             R0,#0x10



ARM Macro Assembler    Page 2 


   51 00000052 D1FB            BNE              check
   52 00000054 E8BD 4003       POP              {LR,R1,R0}
   53 00000058 4770            BX               LR
   54 0000005A         
   55 0000005A 00 00           ALIGN
   56 0000005C                 ENDP
   57 0000005C                 ALIGN
   58 0000005C                 END
              40004300 
              40008008 
              4000800C 
Command Line: --debug --xref --diag_suppress=9931 --cpu=Cortex-M4.fp --apcs=int
erwork --depend=.\objects\my_systtick.d -o.\objects\my_systtick.o -I.\RTE\_Targ
et_1 -IC:\Keil_v5\ARM\PACK\Keil\TM4C_DFP\1.1.0\Device\Include\TM4C123 -IC:\Keil
_v5\ARM\CMSIS\Include --predefine="__EVAL SETA 1" --predefine="__UVISION_VERSIO
N SETA 526" --predefine="TM4C123GH6PM SETA 1" --list=.\listings\my_systtick.lst
 ..\LabEXP\EXP3\My_SystTick.s



ARM Macro Assembler    Page 1 Alphabetic symbol ordering
Relocatable symbols

MySysTick 00000000

Symbol: MySysTick
   Definitions
      At line 14 in file ..\LabEXP\EXP3\My_SystTick.s
   Uses
      At line 12 in file ..\LabEXP\EXP3\My_SystTick.s
Comment: MySysTick used once
check 0000004C

Symbol: check
   Definitions
      At line 49 in file ..\LabEXP\EXP3\My_SystTick.s
   Uses
      At line 51 in file ..\LabEXP\EXP3\My_SystTick.s
Comment: check used once
fifo 00000048

Symbol: fifo
   Definitions
      At line 47 in file ..\LabEXP\EXP3\My_SystTick.s
   Uses
      At line 25 in file ..\LabEXP\EXP3\My_SystTick.s
      At line 28 in file ..\LabEXP\EXP3\My_SystTick.s
      At line 39 in file ..\LabEXP\EXP3\My_SystTick.s

here 00000036

Symbol: here
   Definitions
      At line 38 in file ..\LabEXP\EXP3\My_SystTick.s
   Uses
      At line 42 in file ..\LabEXP\EXP3\My_SystTick.s
Comment: here used once
routines 00000000

Symbol: routines
   Definitions
      At line 9 in file ..\LabEXP\EXP3\My_SystTick.s
   Uses
      None
Comment: routines unused
5 symbols



ARM Macro Assembler    Page 1 Alphabetic symbol ordering
Absolute symbols

GPIO_PORTA_DATA 40004300

Symbol: GPIO_PORTA_DATA
   Definitions
      At line 2 in file ..\LabEXP\EXP3\My_SystTick.s
   Uses
      At line 17 in file ..\LabEXP\EXP3\My_SystTick.s
      At line 30 in file ..\LabEXP\EXP3\My_SystTick.s

GPIO_PORTB_DATA 4000503C

Symbol: GPIO_PORTB_DATA
   Definitions
      At line 1 in file ..\LabEXP\EXP3\My_SystTick.s
   Uses
      None
Comment: GPIO_PORTB_DATA unused
SSI0_DR 40008008

Symbol: SSI0_DR
   Definitions
      At line 3 in file ..\LabEXP\EXP3\My_SystTick.s
   Uses
      At line 22 in file ..\LabEXP\EXP3\My_SystTick.s
      At line 36 in file ..\LabEXP\EXP3\My_SystTick.s

SSI0_SR 4000800C

Symbol: SSI0_SR
   Definitions
      At line 4 in file ..\LabEXP\EXP3\My_SystTick.s
   Uses
      At line 48 in file ..\LabEXP\EXP3\My_SystTick.s
Comment: SSI0_SR used once
4 symbols



ARM Macro Assembler    Page 1 Alphabetic symbol ordering
External symbols

Calibrator 00000000

Symbol: Calibrator
   Definitions
      At line 11 in file ..\LabEXP\EXP3\My_SystTick.s
   Uses
      None
Comment: Calibrator unused
1 symbol
346 symbols in table
