


ARM Macro Assembler    Page 1 


    1 00000000 40004300 
                       GPIO_PORTA_DATA
                               EQU              0x40004300
    2 00000000 40008008 
                       SSI0_DR EQU              0x40008008
    3 00000000 4000800C 
                       SSI0_SR EQU              0x4000800C
    4 00000000 40038028 
                       ADC0PSSI
                               EQU              0x40038028
    5 00000000         ;*******************************************************
                       *****
    6 00000000         
    7 00000000 20001890 
                       tempX   EQU              0x20001890
    8 00000000 20001891 
                       tempY   EQU              0x20001891
    9 00000000 20001892 
                       tempD   EQU              0x20001892
   10 00000000         
   11 00000000         ;-------------------------------------------------------
                       -----     
   12 00000000                 AREA             routines, CODE, READONLY
   13 00000000                 THUMB
   14 00000000                 EXPORT           player2
   15 00000000         
   16 00000000         player2 PROC
   17 00000000 B500            PUSH             {LR}
   18 00000002         
   19 00000002         
   20 00000002 F04F 003F       MOV              R0,#0x3F    ; (3f)b16 = (63)b10
                                                            
   21 00000006 FB04 F400       MUL              R4,R4,R0
   22 0000000A F640 70FF       MOV              R0,#0xFFF   ; X address (R4)
   23 0000000E FBB4 F4F0       UDIV             R4,R4,R0
   24 00000012 F104 0406       ADD              R4,R4,#0x6
   25 00000016         
   26 00000016 462A            MOV              R2,R5
   27 00000018 F04F 0004       MOV              R0,#0x4
   28 0000001C FB05 F500       MUL              R5,R5,R0
   29 00000020 F640 70FF       MOV              R0,#0xFFF   ; Y address (R5)
   30 00000024 FBB5 F5F0       UDIV             R5,R5,R0
   31 00000028 F105 0501       ADD              R5,R5,#1
   32 0000002C         
   33 0000002C F240 5355       MOV              R3,#1365
   34 00000030 FBB2 F3F3       UDIV             R3,R2,R3
   35 00000034 F240 5055       MOV              R0,#1365    ; Required Shift (R
                                                            2)
   36 00000038 FB03 F300       MUL              R3,R3,R0
   37 0000003C EBA2 0203       SUB              R2,R2,R3
   38 00000040 F04F 0007       MOV              R0,#7
   39 00000044 FB02 F200       MUL              R2,R2,R0
   40 00000048 F240 5055       MOV              R0,#1365
   41 0000004C FBB2 F2F0       UDIV             R2,R2,R0
   42 00000050 F04F 0001       MOV              R0,#0x01
   43 00000054 FA00 F202       LSL              R2,R0,R2
   44 00000058         
   45 00000058         
   46 00000058         



ARM Macro Assembler    Page 2 


   47 00000058 497B            LDR              R1,=GPIO_PORTA_DATA
   48 0000005A 6808            LDR              R0,[R1]
   49 0000005C F020 0080       BIC              R0,#0x80
   50 00000060 6008            STR              R0,[R1]
   51 00000062         
   52 00000062 497A            LDR              R1,=SSI0_DR
   53 00000064 F04F 0041       MOV              R0,#0x41
   54 00000068 6008            STR              R0,[R1]
   55 0000006A F000 F8E4       BL               fifo
   56 0000006E F04F 0085       MOV              R0,#0x85
   57 00000072 6008            STR              R0,[R1]
   58 00000074 F000 F8DF       BL               fifo
   59 00000078         
   60 00000078 4973            LDR              R1,=GPIO_PORTA_DATA
   61 0000007A 6808            LDR              R0,[R1]
   62 0000007C F080 0080       EOR              R0,#0x80
   63 00000080 6008            STR              R0,[R1]
   64 00000082         
   65 00000082         
   66 00000082 F44F 73AF       MOV              R3,#350
   67 00000086 4971            LDR              R1,=SSI0_DR
   68 00000088 F04F 0000       MOV              R0,#0x0
   69 0000008C 6008    here    STR              R0,[R1]
   70 0000008E F000 F8D2       BL               fifo
   71 00000092 3B01            SUBS             R3,#1
   72 00000094 2B00            CMP              R3,#0
   73 00000096 D1F9            BNE              here
   74 00000098         
   75 00000098         
   76 00000098         
   77 00000098         
   78 00000098 496B            LDR              R1,=GPIO_PORTA_DATA
   79 0000009A 6808            LDR              R0,[R1]
   80 0000009C F020 0080       BIC              R0,#0x80
   81 000000A0 6008            STR              R0,[R1]
   82 000000A2         
   83 000000A2 F04F 0080       MOV              R0,#0x80
   84 000000A6 EA40 0004       ORR              R0,R0,R4
   85 000000AA 4968            LDR              R1,=SSI0_DR
   86 000000AC 6008            STR              R0,[R1]
   87 000000AE F000 F8C2       BL               fifo
   88 000000B2         
   89 000000B2 F04F 0040       MOV              R0,#0x40
   90 000000B6 EA45 0000       ORR              R0,R5,R0
   91 000000BA 4964            LDR              R1,=SSI0_DR
   92 000000BC 6008            STR              R0,[R1]
   93 000000BE F000 F8BA       BL               fifo
   94 000000C2         
   95 000000C2         
   96 000000C2 4961            LDR              R1,=GPIO_PORTA_DATA
   97 000000C4 6808            LDR              R0,[R1]
   98 000000C6 F080 0080       EOR              R0,#0x80
   99 000000CA 6008            STR              R0,[R1]
  100 000000CC         
  101 000000CC 4960            LDR              R1,=tempX
  102 000000CE F801 4B01       STRB             R4,[R1],#1
  103 000000D2 F801 5B01       STRB             R5,[R1],#1
  104 000000D6 700A            STRB             R2,[R1]
  105 000000D8         



ARM Macro Assembler    Page 3 


  106 000000D8 4613            MOV              R3,R2
  107 000000DA 2A01            CMP              R2,#0x01
  108 000000DC D055            BEQ              top
  109 000000DE 2A80            CMP              R2,#0x80
  110 000000E0 D07E            BEQ              buttom
  111 000000E2         
  112 000000E2         
  113 000000E2 EA4F 0052       LSR              R0,R2,#1
  114 000000E6 EA4F 0142       LSL              R1,R2,#1
  115 000000EA EA42 0200       ORR              R2,R2,R0
  116 000000EE EA42 0201       ORR              R2,R2,R1
  117 000000F2         
  118 000000F2 4956            LDR              R1,=SSI0_DR
  119 000000F4 600A            STR              R2,[R1]
  120 000000F6 F000 F89E       BL               fifo
  121 000000FA         
  122 000000FA 461A    done    MOV              R2,R3
  123 000000FC         
  124 000000FC 4952            LDR              R1,=GPIO_PORTA_DATA
  125 000000FE 6808            LDR              R0,[R1]
  126 00000100 F080 0080       EOR              R0,#0x80
  127 00000104 6008            STR              R0,[R1]
  128 00000106         
  129 00000106 F04F 0080       MOV              R0,#0x80
  130 0000010A EA40 0004       ORR              R0,R0,R4
  131 0000010E 494F            LDR              R1,=SSI0_DR
  132 00000110 6008            STR              R0,[R1]
  133 00000112 F000 F890       BL               fifo
  134 00000116         
  135 00000116 F04F 0040       MOV              R0,#0x40
  136 0000011A EA45 0000       ORR              R0,R5,R0
  137 0000011E 494B            LDR              R1,=SSI0_DR
  138 00000120 6008            STR              R0,[R1]
  139 00000122 F000 F888       BL               fifo
  140 00000126         
  141 00000126 F104 0001       ADD              R0,R4,#1
  142 0000012A F1A4 0301       SUB              R3,R4,#1
  143 0000012E         
  144 0000012E F04F 0180       MOV              R1,#0x80
  145 00000132 EA41 0000       ORR              R0,R1,R0
  146 00000136 4945            LDR              R1,=SSI0_DR
  147 00000138 6008            STR              R0,[R1]
  148 0000013A F000 F87C       BL               fifo
  149 0000013E         
  150 0000013E 4942            LDR              R1,=GPIO_PORTA_DATA
  151 00000140 6808            LDR              R0,[R1]
  152 00000142 F080 0080       EOR              R0,#0x80
  153 00000146 6008            STR              R0,[R1]
  154 00000148         
  155 00000148 4940            LDR              R1,=SSI0_DR
  156 0000014A 600A            STR              R2,[R1]
  157 0000014C F000 F873       BL               fifo
  158 00000150         
  159 00000150 493D            LDR              R1,=GPIO_PORTA_DATA
  160 00000152 6808            LDR              R0,[R1]
  161 00000154 F080 0080       EOR              R0,#0x80
  162 00000158 6008            STR              R0,[R1]
  163 0000015A         
  164 0000015A F04F 0180       MOV              R1,#0x80



ARM Macro Assembler    Page 4 


  165 0000015E EA41 0003       ORR              R0,R1,R3
  166 00000162 493A            LDR              R1,=SSI0_DR
  167 00000164 6008            STR              R0,[R1]
  168 00000166 F000 F866       BL               fifo
  169 0000016A         
  170 0000016A 4937            LDR              R1,=GPIO_PORTA_DATA
  171 0000016C 6808            LDR              R0,[R1]
  172 0000016E F080 0080       EOR              R0,#0x80
  173 00000172 6008            STR              R0,[R1]
  174 00000174         
  175 00000174 4935            LDR              R1,=SSI0_DR
  176 00000176 600A            STR              R2,[R1]
  177 00000178 F000 F85D       BL               fifo
  178 0000017C         
  179 0000017C 4835            LDR              R0,=ADC0PSSI
  180 0000017E F04F 0104       MOV              R1,#0x4     ;INITIATE SS3
  181 00000182 6001            STR              R1,[R0]
  182 00000184         
  183 00000184 F85D EB04       POP              {LR}
  184 00000188 4770            BX               LR
  185 0000018A         
  186 0000018A         
  187 0000018A         
  188 0000018A EA4F 0142 
                       top     LSL              R1,R2,#1
  189 0000018E EA42 0201       ORR              R2,R2,R1
  190 00000192         
  191 00000192 492E            LDR              R1,=SSI0_DR
  192 00000194 600A            STR              R2,[R1]
  193 00000196 F000 F84E       BL               fifo
  194 0000019A         
  195 0000019A 492B            LDR              R1,=GPIO_PORTA_DATA
  196 0000019C 6808            LDR              R0,[R1]
  197 0000019E F080 0080       EOR              R0,#0x80
  198 000001A2 6008            STR              R0,[R1]
  199 000001A4         
  200 000001A4 F1A5 0101       SUB              R1,R5,#1
  201 000001A8         
  202 000001A8 F04F 0040       MOV              R0,#0x40
  203 000001AC EA41 0000       ORR              R0,R1,R0
  204 000001B0 4926            LDR              R1,=SSI0_DR
  205 000001B2 6008            STR              R0,[R1]
  206 000001B4 F000 F83F       BL               fifo
  207 000001B8         
  208 000001B8 F04F 0080       MOV              R0,#0x80
  209 000001BC EA40 0004       ORR              R0,R0,R4
  210 000001C0 4922            LDR              R1,=SSI0_DR
  211 000001C2 6008            STR              R0,[R1]
  212 000001C4 F000 F837       BL               fifo
  213 000001C8         
  214 000001C8 491F            LDR              R1,=GPIO_PORTA_DATA
  215 000001CA 6808            LDR              R0,[R1]
  216 000001CC F080 0080       EOR              R0,#0x80
  217 000001D0 6008            STR              R0,[R1]
  218 000001D2         
  219 000001D2 F04F 0280       MOV              R2,#0x80
  220 000001D6 491D            LDR              R1,=SSI0_DR
  221 000001D8 600A            STR              R2,[R1]
  222 000001DA F000 F82C       BL               fifo



ARM Macro Assembler    Page 5 


  223 000001DE         
  224 000001DE         
  225 000001DE E78C            B                done
  226 000001E0         
  227 000001E0         
  228 000001E0         
  229 000001E0         
  230 000001E0         
  231 000001E0         
  232 000001E0         
  233 000001E0         
  234 000001E0         
  235 000001E0         
  236 000001E0         
  237 000001E0         
  238 000001E0         
  239 000001E0 EA4F 0152 
                       buttom  LSR              R1,R2,#1
  240 000001E4 EA42 0201       ORR              R2,R2,R1
  241 000001E8         
  242 000001E8 4918            LDR              R1,=SSI0_DR
  243 000001EA 600A            STR              R2,[R1]
  244 000001EC F000 F823       BL               fifo
  245 000001F0         
  246 000001F0 4915            LDR              R1,=GPIO_PORTA_DATA
  247 000001F2 6808            LDR              R0,[R1]
  248 000001F4 F080 0080       EOR              R0,#0x80
  249 000001F8 6008            STR              R0,[R1]
  250 000001FA         
  251 000001FA F105 0101       ADD              R1,R5,#1
  252 000001FE         
  253 000001FE F04F 0040       MOV              R0,#0x40
  254 00000202 EA41 0000       ORR              R0,R1,R0
  255 00000206 4911            LDR              R1,=SSI0_DR
  256 00000208 6008            STR              R0,[R1]
  257 0000020A F000 F814       BL               fifo
  258 0000020E         
  259 0000020E F04F 0080       MOV              R0,#0x80
  260 00000212 EA40 0004       ORR              R0,R0,R4
  261 00000216 490D            LDR              R1,=SSI0_DR
  262 00000218 6008            STR              R0,[R1]
  263 0000021A F000 F80C       BL               fifo
  264 0000021E         
  265 0000021E 490A            LDR              R1,=GPIO_PORTA_DATA
  266 00000220 6808            LDR              R0,[R1]
  267 00000222 F080 0080       EOR              R0,#0x80
  268 00000226 6008            STR              R0,[R1]
  269 00000228         
  270 00000228 F04F 0201       MOV              R2,#0x01
  271 0000022C 4907            LDR              R1,=SSI0_DR
  272 0000022E 600A            STR              R2,[R1]
  273 00000230 F000 F801       BL               fifo
  274 00000234         
  275 00000234 E761            B                done
  276 00000236         
  277 00000236         
  278 00000236         
  279 00000236         
  280 00000236         



ARM Macro Assembler    Page 6 


  281 00000236         
  282 00000236         
  283 00000236         ;check fifo if EMPTY OR NOT/ BUSY
  284 00000236 B503    fifo    PUSH             {LR,R1,R0}
  285 00000238 4907            LDR              R1,=SSI0_SR
  286 0000023A 6808    check   LDR              R0,[R1]
  287 0000023C F010 0010       ANDS             R0,#0x10
  288 00000240 D1FB            BNE              check
  289 00000242 E8BD 4003       POP              {LR,R1,R0}
  290 00000246 4770            BX               LR
  291 00000248         
  292 00000248                 ALIGN
  293 00000248                 ENDP
  294 00000248         
  295 00000248         
  296 00000248         
  297 00000248                 END
              40004300 
              40008008 
              20001890 
              40038028 
              4000800C 
Command Line: --debug --xref --diag_suppress=9931 --cpu=Cortex-M4.fp --apcs=int
erwork --depend=.\objects\player2.d -o.\objects\player2.o -I.\RTE\_Target_1 -IC
:\Keil_v5\ARM\PACK\Keil\TM4C_DFP\1.1.0\Device\Include\TM4C123 -IC:\Keil_v5\ARM\
CMSIS\Include --predefine="__EVAL SETA 1" --predefine="__UVISION_VERSION SETA 5
26" --predefine="TM4C123GH6PM SETA 1" --list=.\listings\player2.lst player2.s



ARM Macro Assembler    Page 1 Alphabetic symbol ordering
Relocatable symbols

buttom 000001E0

Symbol: buttom
   Definitions
      At line 239 in file player2.s
   Uses
      At line 110 in file player2.s
Comment: buttom used once
check 0000023A

Symbol: check
   Definitions
      At line 286 in file player2.s
   Uses
      At line 288 in file player2.s
Comment: check used once
done 000000FA

Symbol: done
   Definitions
      At line 122 in file player2.s
   Uses
      At line 225 in file player2.s
      At line 275 in file player2.s

fifo 00000236

Symbol: fifo
   Definitions
      At line 284 in file player2.s
   Uses
      At line 55 in file player2.s
      At line 58 in file player2.s
      At line 70 in file player2.s
      At line 87 in file player2.s
      At line 93 in file player2.s
      At line 120 in file player2.s
      At line 133 in file player2.s
      At line 139 in file player2.s
      At line 148 in file player2.s
      At line 157 in file player2.s
      At line 168 in file player2.s
      At line 177 in file player2.s
      At line 193 in file player2.s
      At line 206 in file player2.s
      At line 212 in file player2.s
      At line 222 in file player2.s
      At line 244 in file player2.s
      At line 257 in file player2.s
      At line 263 in file player2.s
      At line 273 in file player2.s

here 0000008C

Symbol: here
   Definitions
      At line 69 in file player2.s
   Uses
      At line 73 in file player2.s



ARM Macro Assembler    Page 2 Alphabetic symbol ordering
Relocatable symbols

Comment: here used once
player2 00000000

Symbol: player2
   Definitions
      At line 16 in file player2.s
   Uses
      At line 14 in file player2.s
Comment: player2 used once
routines 00000000

Symbol: routines
   Definitions
      At line 12 in file player2.s
   Uses
      None
Comment: routines unused
top 0000018A

Symbol: top
   Definitions
      At line 188 in file player2.s
   Uses
      At line 108 in file player2.s
Comment: top used once
8 symbols



ARM Macro Assembler    Page 1 Alphabetic symbol ordering
Absolute symbols

ADC0PSSI 40038028

Symbol: ADC0PSSI
   Definitions
      At line 4 in file player2.s
   Uses
      At line 179 in file player2.s
Comment: ADC0PSSI used once
GPIO_PORTA_DATA 40004300

Symbol: GPIO_PORTA_DATA
   Definitions
      At line 1 in file player2.s
   Uses
      At line 47 in file player2.s
      At line 60 in file player2.s
      At line 78 in file player2.s
      At line 96 in file player2.s
      At line 124 in file player2.s
      At line 150 in file player2.s
      At line 159 in file player2.s
      At line 170 in file player2.s
      At line 195 in file player2.s
      At line 214 in file player2.s
      At line 246 in file player2.s
      At line 265 in file player2.s

SSI0_DR 40008008

Symbol: SSI0_DR
   Definitions
      At line 2 in file player2.s
   Uses
      At line 52 in file player2.s
      At line 67 in file player2.s
      At line 85 in file player2.s
      At line 91 in file player2.s
      At line 118 in file player2.s
      At line 131 in file player2.s
      At line 137 in file player2.s
      At line 146 in file player2.s
      At line 155 in file player2.s
      At line 166 in file player2.s
      At line 175 in file player2.s
      At line 191 in file player2.s
      At line 204 in file player2.s
      At line 210 in file player2.s
      At line 220 in file player2.s
      At line 242 in file player2.s
      At line 255 in file player2.s
      At line 261 in file player2.s
      At line 271 in file player2.s

SSI0_SR 4000800C

Symbol: SSI0_SR
   Definitions
      At line 3 in file player2.s
   Uses



ARM Macro Assembler    Page 2 Alphabetic symbol ordering
Absolute symbols

      At line 285 in file player2.s
Comment: SSI0_SR used once
tempD 20001892

Symbol: tempD
   Definitions
      At line 9 in file player2.s
   Uses
      None
Comment: tempD unused
tempX 20001890

Symbol: tempX
   Definitions
      At line 7 in file player2.s
   Uses
      At line 101 in file player2.s
Comment: tempX used once
tempY 20001891

Symbol: tempY
   Definitions
      At line 8 in file player2.s
   Uses
      None
Comment: tempY unused
7 symbols
351 symbols in table
