


ARM Macro Assembler    Page 1 


    1 00000000 40004300 
                       GPIO_PORTA_DATA
                               EQU              0x40004300
    2 00000000 40008008 
                       SSI0_DR EQU              0x40008008
    3 00000000 4000800C 
                       SSI0_SR EQU              0x4000800C
    4 00000000         ;*******************************************************
                       ********
    5 00000000         ;LABEL  DIRECTIVE VALUE  COMMENT
    6 00000000                 AREA             sdata, DATA, READONLY
    7 00000000                 THUMB
    8 00000000         
    9 00000000 00      Zero    DCB              0X00
   10 00000001 7E              DCB              0x7E
   11 00000002 81              DCB              0x81
   12 00000003 81              DCB              0x81
   13 00000004 81              DCB              0x81
   14 00000005 7E              DCB              0x7E
   15 00000006 00              DCB              0X00
   16 00000007         
   17 00000007         
   18 00000007 00      One     DCB              0x00
   19 00000008 84              DCB              0x84
   20 00000009 86              DCB              0x86
   21 0000000A FF              DCB              0xFF
   22 0000000B 80              DCB              0x80
   23 0000000C 80              DCB              0x80
   24 0000000D 00              DCB              0x00
   25 0000000E         
   26 0000000E 00      Two     DCB              0x00
   27 0000000F F1              DCB              0xF1
   28 00000010 91              DCB              0x91
   29 00000011 91              DCB              0x91
   30 00000012 91              DCB              0x91
   31 00000013 9F              DCB              0x9F
   32 00000014 00              DCB              0x00
   33 00000015         
   34 00000015 00      Three   DCB              0x00
   35 00000016 91              DCB              0x91
   36 00000017 91              DCB              0x91
   37 00000018 91              DCB              0x91
   38 00000019 91              DCB              0x91
   39 0000001A FF              DCB              0xFF
   40 0000001B 00              DCB              0x00
   41 0000001C         
   42 0000001C 00      Four    DCB              0x00
   43 0000001D 1F              DCB              0x1F
   44 0000001E 10              DCB              0x10
   45 0000001F 10              DCB              0x10
   46 00000020 FF              DCB              0xFF
   47 00000021 10              DCB              0x10
   48 00000022 00              DCB              0x00
   49 00000023         
   50 00000023 00      Five    DCB              0x00
   51 00000024 9F              DCB              0x9F
   52 00000025 91              DCB              0x91
   53 00000026 91              DCB              0x91
   54 00000027 91              DCB              0x91



ARM Macro Assembler    Page 2 


   55 00000028 F1              DCB              0xF1
   56 00000029 00              DCB              0x00
   57 0000002A         
   58 0000002A 00      Six     DCB              0x00
   59 0000002B FF              DCB              0xFF
   60 0000002C 91              DCB              0x91
   61 0000002D 91              DCB              0x91
   62 0000002E 91              DCB              0x91
   63 0000002F F1              DCB              0xF1
   64 00000030 00              DCB              0x00
   65 00000031         
   66 00000031 00      Seven   DCB              0x00
   67 00000032 41              DCB              0x41
   68 00000033 21              DCB              0x21
   69 00000034 11              DCB              0x11
   70 00000035 09              DCB              0x09
   71 00000036 07              DCB              0x07
   72 00000037 00              DCB              0x00
   73 00000038         
   74 00000038 00      Eight   DCB              0x00
   75 00000039 FF              DCB              0xFF
   76 0000003A 91              DCB              0x91
   77 0000003B 91              DCB              0x91
   78 0000003C 91              DCB              0x91
   79 0000003D FF              DCB              0xFF
   80 0000003E 00              DCB              0x00
   81 0000003F         
   82 0000003F 00      Nine    DCB              0x00
   83 00000040 9F              DCB              0x9F
   84 00000041 91              DCB              0x91
   85 00000042 91              DCB              0x91
   86 00000043 91              DCB              0x91
   87 00000044 FF              DCB              0xFF
   88 00000045 00              DCB              0x00
   89 00000046         
   90 00000046         ;*******************************************************
                       *****
   91 00000046         ;-------------------------------------------------------
                       -----     
   92 00000046                 AREA             routines, CODE, READONLY
   93 00000000                 THUMB
   94 00000000                 EXTERN           DECISION
   95 00000000                 EXPORT           PrintNum
   96 00000000         
   97 00000000         PrintNum
                               PROC
   98 00000000         
   99 00000000 B500            PUSH             {LR}
  100 00000002 B470            PUSH             {R4,R5,R6}
  101 00000004         
  102 00000004 F1A7 0701       SUB              R7,R7,#1
  103 00000008         
  104 00000008 F04F 000A       MOV              R0,#10
  105 0000000C FBB7 F1F0       UDIV             R1,R7,R0
  106 00000010 FB00 F001       MUL              R0,R0,R1
  107 00000014 EBA7 0300       SUB              R3,R7,R0
  108 00000018         
  109 00000018         ;Comparison
  110 00000018 2900            CMP              R1,#0



ARM Macro Assembler    Page 3 


  111 0000001A BF08 4A40       LDREQ            R2,=Zero
  112 0000001E         
  113 0000001E 2901            CMP              R1,#1
  114 00000020 BF08 4A40       LDREQ            R2,=One
  115 00000024         
  116 00000024 2902            CMP              R1,#2
  117 00000026 BF08 4A3F       LDREQ            R2,=Two
  118 0000002A         
  119 0000002A 2903            CMP              R1,#3
  120 0000002C BF08 4A3F       LDREQ            R2,=Three
  121 00000030         
  122 00000030 2904            CMP              R1,#4
  123 00000032 BF08 4A3E       LDREQ            R2,=Four
  124 00000036         
  125 00000036 2905            CMP              R1,#5
  126 00000038 BF08 4A3E       LDREQ            R2,=Five
  127 0000003C         
  128 0000003C 2906            CMP              R1,#6
  129 0000003E BF08 4A3D       LDREQ            R2,=Six
  130 00000042         
  131 00000042 2907            CMP              R1,#7
  132 00000044 BF08 4A3D       LDREQ            R2,=Seven
  133 00000048         
  134 00000048 2908            CMP              R1,#8
  135 0000004A BF08 4A3C       LDREQ            R2,=Eight
  136 0000004E         
  137 0000004E 2909            CMP              R1,#9
  138 00000050 BF08 4A3C       LDREQ            R2,=Nine
  139 00000054         
  140 00000054         ; DISPLAY FIRST DIGIT
  141 00000054 F04F 0440       MOV              R4,#0x40
  142 00000058 F04F 05C6       MOV              R5,#0xC6
  143 0000005C         
  144 0000005C 493A    loop1   LDR              R1,=GPIO_PORTA_DATA
  145 0000005E 6808            LDR              R0,[R1]
  146 00000060 F080 0080       EOR              R0,#0x80
  147 00000064 6008            STR              R0,[R1]
  148 00000066         
  149 00000066 4939            LDR              R1,=SSI0_DR
  150 00000068 600C            STR              R4,[R1]
  151 0000006A F000 F84F       BL               fifo
  152 0000006E 600D            STR              R5,[R1]
  153 00000070 F000 F84C       BL               fifo
  154 00000074         
  155 00000074 4934            LDR              R1,=GPIO_PORTA_DATA
  156 00000076 6808            LDR              R0,[R1]
  157 00000078 F080 0080       EOR              R0,#0x80
  158 0000007C 6008            STR              R0,[R1]
  159 0000007E         
  160 0000007E 4933            LDR              R1,=SSI0_DR
  161 00000080 F812 0B01       LDRB             R0,[R2],#0x01
  162 00000084 6008            STR              R0,[R1]
  163 00000086 F000 F841       BL               fifo
  164 0000008A         
  165 0000008A F105 0501       ADD              R5,R5,#0x01
  166 0000008E 2DCD            CMP              R5,#0xCD
  167 00000090 D1E4            BNE              loop1
  168 00000092         
  169 00000092         



ARM Macro Assembler    Page 4 


  170 00000092 2B00            CMP              R3,#0
  171 00000094 BF08 4A22       LDREQ            R2,=Zero
  172 00000098         
  173 00000098 2B01            CMP              R3,#1
  174 0000009A BF08 4A21       LDREQ            R2,=One
  175 0000009E         
  176 0000009E 2B02            CMP              R3,#2
  177 000000A0 BF08 4A21       LDREQ            R2,=Two
  178 000000A4         
  179 000000A4 2B03            CMP              R3,#3
  180 000000A6 BF08 4A20       LDREQ            R2,=Three
  181 000000AA         
  182 000000AA 2B04            CMP              R3,#4
  183 000000AC BF08 4A20       LDREQ            R2,=Four
  184 000000B0         
  185 000000B0 2B05            CMP              R3,#5
  186 000000B2 BF08 4A1F       LDREQ            R2,=Five
  187 000000B6         
  188 000000B6 2B06            CMP              R3,#6
  189 000000B8 BF08 4A1F       LDREQ            R2,=Six
  190 000000BC         
  191 000000BC 2B07            CMP              R3,#7
  192 000000BE BF08 4A1E       LDREQ            R2,=Seven
  193 000000C2         
  194 000000C2 2B08            CMP              R3,#8
  195 000000C4 BF08 4A1E       LDREQ            R2,=Eight
  196 000000C8         
  197 000000C8 2B09            CMP              R3,#9
  198 000000CA BF08 4A1D       LDREQ            R2,=Nine
  199 000000CE         
  200 000000CE         ; DISPLAY Second DIGIT
  201 000000CE 491E    loop2   LDR              R1,=GPIO_PORTA_DATA
  202 000000D0 6808            LDR              R0,[R1]
  203 000000D2 F080 0080       EOR              R0,#0x80
  204 000000D6 6008            STR              R0,[R1]
  205 000000D8         
  206 000000D8 491C            LDR              R1,=SSI0_DR
  207 000000DA 600C            STR              R4,[R1]
  208 000000DC F000 F816       BL               fifo
  209 000000E0 600D            STR              R5,[R1]
  210 000000E2 F000 F813       BL               fifo
  211 000000E6         
  212 000000E6 4918            LDR              R1,=GPIO_PORTA_DATA
  213 000000E8 6808            LDR              R0,[R1]
  214 000000EA F080 0080       EOR              R0,#0x80
  215 000000EE 6008            STR              R0,[R1]
  216 000000F0         
  217 000000F0 4916            LDR              R1,=SSI0_DR
  218 000000F2 F812 0B01       LDRB             R0,[R2],#0x01
  219 000000F6 6008            STR              R0,[R1]
  220 000000F8 F000 F808       BL               fifo
  221 000000FC         
  222 000000FC F105 0501       ADD              R5,R5,#0x01
  223 00000100 2DD4            CMP              R5,#0xD4
  224 00000102 D1E4            BNE              loop2
  225 00000104         
  226 00000104         ;   CMP  R7,#0
  227 00000104         ;   BEQ  DECISION
  228 00000104         



ARM Macro Assembler    Page 5 


  229 00000104 BC70            POP              {R4,R5,R6}
  230 00000106 F85D EB04       POP              {LR}
  231 0000010A 4770            BX               LR
  232 0000010C                 ENDP
  233 0000010C         
  234 0000010C         
  235 0000010C         
  236 0000010C         ;check fifo if EMPTY OR NOT/ BUSY
  237 0000010C B503    fifo    PUSH             {LR,R1,R0}
  238 0000010E 4910            LDR              R1,=SSI0_SR
  239 00000110 6808    check   LDR              R0,[R1]
  240 00000112 F010 0010       ANDS             R0,#0x10
  241 00000116 D1FB            BNE              check
  242 00000118 E8BD 4003       POP              {LR,R1,R0}
  243 0000011C 4770            BX               LR
  244 0000011E         
  245 0000011E 00 00           ALIGN
  246 00000120                 END
              00000000 
              00000000 
              00000000 
              00000000 
              00000000 
              00000000 
              00000000 
              00000000 
              00000000 
              00000000 
              40004300 
              40008008 
              4000800C 
Command Line: --debug --xref --diag_suppress=9931 --cpu=Cortex-M4.fp --apcs=int
erwork --depend=.\objects\printnumber.d -o.\objects\printnumber.o -I.\RTE\_Targ
et_1 -IC:\Keil_v5\ARM\PACK\Keil\TM4C_DFP\1.1.0\Device\Include\TM4C123 -IC:\Keil
_v5\ARM\CMSIS\Include --predefine="__EVAL SETA 1" --predefine="__UVISION_VERSIO
N SETA 526" --predefine="TM4C123GH6PM SETA 1" --list=.\listings\printnumber.lst
 PrintNumber.s



ARM Macro Assembler    Page 1 Alphabetic symbol ordering
Relocatable symbols

Eight 00000038

Symbol: Eight
   Definitions
      At line 74 in file PrintNumber.s
   Uses
      At line 135 in file PrintNumber.s
      At line 195 in file PrintNumber.s

Five 00000023

Symbol: Five
   Definitions
      At line 50 in file PrintNumber.s
   Uses
      At line 126 in file PrintNumber.s
      At line 186 in file PrintNumber.s

Four 0000001C

Symbol: Four
   Definitions
      At line 42 in file PrintNumber.s
   Uses
      At line 123 in file PrintNumber.s
      At line 183 in file PrintNumber.s

Nine 0000003F

Symbol: Nine
   Definitions
      At line 82 in file PrintNumber.s
   Uses
      At line 138 in file PrintNumber.s
      At line 198 in file PrintNumber.s

One 00000007

Symbol: One
   Definitions
      At line 18 in file PrintNumber.s
   Uses
      At line 114 in file PrintNumber.s
      At line 174 in file PrintNumber.s

Seven 00000031

Symbol: Seven
   Definitions
      At line 66 in file PrintNumber.s
   Uses
      At line 132 in file PrintNumber.s
      At line 192 in file PrintNumber.s

Six 0000002A

Symbol: Six
   Definitions
      At line 58 in file PrintNumber.s



ARM Macro Assembler    Page 2 Alphabetic symbol ordering
Relocatable symbols

   Uses
      At line 129 in file PrintNumber.s
      At line 189 in file PrintNumber.s

Three 00000015

Symbol: Three
   Definitions
      At line 34 in file PrintNumber.s
   Uses
      At line 120 in file PrintNumber.s
      At line 180 in file PrintNumber.s

Two 0000000E

Symbol: Two
   Definitions
      At line 26 in file PrintNumber.s
   Uses
      At line 117 in file PrintNumber.s
      At line 177 in file PrintNumber.s

Zero 00000000

Symbol: Zero
   Definitions
      At line 9 in file PrintNumber.s
   Uses
      At line 111 in file PrintNumber.s
      At line 171 in file PrintNumber.s

sdata 00000000

Symbol: sdata
   Definitions
      At line 6 in file PrintNumber.s
   Uses
      None
Comment: sdata unused
11 symbols



ARM Macro Assembler    Page 1 Alphabetic symbol ordering
Relocatable symbols

PrintNum 00000000

Symbol: PrintNum
   Definitions
      At line 97 in file PrintNumber.s
   Uses
      At line 95 in file PrintNumber.s
Comment: PrintNum used once
check 00000110

Symbol: check
   Definitions
      At line 239 in file PrintNumber.s
   Uses
      At line 241 in file PrintNumber.s
Comment: check used once
fifo 0000010C

Symbol: fifo
   Definitions
      At line 237 in file PrintNumber.s
   Uses
      At line 151 in file PrintNumber.s
      At line 153 in file PrintNumber.s
      At line 163 in file PrintNumber.s
      At line 208 in file PrintNumber.s
      At line 210 in file PrintNumber.s
      At line 220 in file PrintNumber.s

loop1 0000005C

Symbol: loop1
   Definitions
      At line 144 in file PrintNumber.s
   Uses
      At line 167 in file PrintNumber.s
Comment: loop1 used once
loop2 000000CE

Symbol: loop2
   Definitions
      At line 201 in file PrintNumber.s
   Uses
      At line 224 in file PrintNumber.s
Comment: loop2 used once
routines 00000000

Symbol: routines
   Definitions
      At line 92 in file PrintNumber.s
   Uses
      None
Comment: routines unused
6 symbols



ARM Macro Assembler    Page 1 Alphabetic symbol ordering
Absolute symbols

GPIO_PORTA_DATA 40004300

Symbol: GPIO_PORTA_DATA
   Definitions
      At line 1 in file PrintNumber.s
   Uses
      At line 144 in file PrintNumber.s
      At line 155 in file PrintNumber.s
      At line 201 in file PrintNumber.s
      At line 212 in file PrintNumber.s

SSI0_DR 40008008

Symbol: SSI0_DR
   Definitions
      At line 2 in file PrintNumber.s
   Uses
      At line 149 in file PrintNumber.s
      At line 160 in file PrintNumber.s
      At line 206 in file PrintNumber.s
      At line 217 in file PrintNumber.s

SSI0_SR 4000800C

Symbol: SSI0_SR
   Definitions
      At line 3 in file PrintNumber.s
   Uses
      At line 238 in file PrintNumber.s
Comment: SSI0_SR used once
3 symbols



ARM Macro Assembler    Page 1 Alphabetic symbol ordering
External symbols

DECISION 00000000

Symbol: DECISION
   Definitions
      At line 94 in file PrintNumber.s
   Uses
      None
Comment: DECISION unused
1 symbol
357 symbols in table
