


ARM Macro Assembler    Page 1 


    1 00000000         
    2 00000000         ;Nested Vector Interrupt Controller registers
    3 00000000 00080000 
                       NVIC_EN0_INT19
                               EQU              0x00080000  ; Interrupt 19 enab
                                                            le
    4 00000000 E000E100 
                       NVIC_EN0
                               EQU              0xE000E100  ; IRQ 0 to 31 Set E
                                                            nable Register
    5 00000000 E000E410 
                       NVIC_PRI4
                               EQU              0xE000E410  ; IRQ 16 to 19 Prio
                                                            rity Register
    6 00000000         
    7 00000000         ; 16/32 Timer Registers   ; For Timer0
    8 00000000 40030000 
                       TIMER0_CFG
                               EQU              0x40030000
    9 00000000 40030004 
                       TIMER0_TAMR
                               EQU              0x40030004
   10 00000000 4003000C 
                       TIMER0_CTL
                               EQU              0x4003000C
   11 00000000 40030018 
                       TIMER0_IMR
                               EQU              0x40030018
   12 00000000 4003001C 
                       TIMER0_RIS
                               EQU              0x4003001C  ; Timer Interrupt S
                                                            tatus
   13 00000000 40030024 
                       TIMER0_ICR
                               EQU              0x40030024  ; Timer Interrupt C
                                                            lear
   14 00000000 40030028 
                       TIMER0_TAILR
                               EQU              0x40030028  ; Timer interval
   15 00000000 40030038 
                       TIMER0_TAPR
                               EQU              0x40030038
   16 00000000 40030048 
                       TIMER0_TAR
                               EQU              0x40030048  ; Timer register
   17 00000000         
   18 00000000         ;GPIO Registers
   19 00000000 40025010 
                       GPIO_PORTF_DATA
                               EQU              0x40025010  ; Access BIT2
   20 00000000 40025400 
                       GPIO_PORTF_DIR
                               EQU              0x40025400  ; Port Direction
   21 00000000 40025420 
                       GPIO_PORTF_AFSEL
                               EQU              0x40025420  ; Alt Function enab
                                                            le
   22 00000000 4002551C 
                       GPIO_PORTF_DEN



ARM Macro Assembler    Page 2 


                               EQU              0x4002551C  ; Digital Enable
   23 00000000 40025528 
                       GPIO_PORTF_AMSEL
                               EQU              0x40025528  ; Analog enable
   24 00000000 4002552C 
                       GPIO_PORTF_PCTL
                               EQU              0x4002552C  ; Alternate Functio
                                                            ns
   25 00000000         
   26 00000000         ;System Registers
   27 00000000 400FE608 
                       SYSCTL_RCGCGPIO
                               EQU              0x400FE608  ; GPIO Gate Control
                                                            
   28 00000000 400FE604 
                       SYSCTL_RCGCTIMER
                               EQU              0x400FE604  ; GPTM Gate Control
                                                            
   29 00000000         
   30 00000000         ;---------------------------------------------------
   31 00000000 00000012 
                       LOW     EQU              0x00000012  ; LOW interval
   32 00000000 0000001A 
                       HIGH    EQU              0x0000001A  ; HIGH interval
   33 00000000         
   34 00000000         
   35 00000000         ;---------------------------------------------------
   36 00000000         
   37 00000000                 AREA             routines, CODE, READONLY
   38 00000000                 THUMB
   39 00000000                 EXPORT           PULSE_INIT
   40 00000000         
   41 00000000         ;---------------------------------------------------
   42 00000000         
   43 00000000         PULSE_INIT
                               PROC
   44 00000000         
   45 00000000 4913            LDR              R1, =SYSCTL_RCGCTIMER 
                                                            ; Start Timer0
   46 00000002 680A            LDR              R2, [R1]
   47 00000004 F042 0201       ORR              R2, R2, #0x01
   48 00000008 600A            STR              R2, [R1]
   49 0000000A BF00            NOP                          ; allow clock to se
                                                            ttle
   50 0000000C BF00            NOP
   51 0000000E BF00            NOP
   52 00000010         
   53 00000010 4910            LDR              R1, =TIMER0_CTL ; disable timer
                                                             during setup LDR R
                                                            2, [R1]
   54 00000012 F022 0201       BIC              R2, R2, #0x01
   55 00000016 600A            STR              R2, [R1]
   56 00000018         
   57 00000018 490F            LDR              R1, =TIMER0_CFG 
                                                            ; set 16 bit mode
   58 0000001A F04F 0204       MOV              R2, #0x04
   59 0000001E 600A            STR              R2, [R1]
   60 00000020         
   61 00000020 490E            LDR              R1, =TIMER0_TAMR



ARM Macro Assembler    Page 3 


   62 00000022 F04F 0201       MOV              R2, #0x01   ; set to periodic, 
                                                            count down
   63 00000026 600A            STR              R2, [R1]
   64 00000028         
   65 00000028 490D            LDR              R1, =TIMER0_TAILR ; initialize 
                                                            match clocks
   66 0000002A F647 2212       MOV              R2,#0x7A12
   67 0000002E 600A            STR              R2, [R1]
   68 00000030         
   69 00000030 490C            LDR              R1, =TIMER0_TAPR
   70 00000032 F04F 02FF       MOV              R2, #0xFF   ; divide clock by 2
                                                            55 to
   71 00000036 600A            STR              R2, [R1]    ; get 62500Hz clock
                                                            s
   72 00000038         
   73 00000038         ;   LDR R1, =TIMER0_IMR ; enable timeout interrupt
   74 00000038         ;   MOV R2, #0x01
   75 00000038         ;   STR R2, [R1]
   76 00000038         
   77 00000038         
   78 00000038 490B            LDR              R1,=TIMER0_ICR
   79 0000003A 6808            LDR              R0,[R1]
   80 0000003C F040 00FF       ORR              R0,#0xFF
   81 00000040 6008            STR              R0,[R1]
   82 00000042         
   83 00000042         ; Enable timer
   84 00000042 4904            LDR              R1, =TIMER0_CTL
   85 00000044 680A            LDR              R2, [R1]
   86 00000046 F042 0203       ORR              R2, R2, #0x03 ; set bit0 to ena
                                                            ble
   87 0000004A 600A            STR              R2, [R1]    ; and bit 1 to stal
                                                            l on debug
   88 0000004C 4770            BX               LR          ; return
   89 0000004E                 ENDP
   90 0000004E 00 00           ALIGN
   91 00000050                 END
              400FE604 
              4003000C 
              40030000 
              40030004 
              40030028 
              40030038 
              40030024 
Command Line: --debug --xref --diag_suppress=9931 --cpu=Cortex-M4.fp --apcs=int
erwork --depend=.\objects\pulse.d -o.\objects\pulse.o -I.\RTE\_Target_1 -IC:\Ke
il_v5\ARM\PACK\Keil\TM4C_DFP\1.1.0\Device\Include\TM4C123 -IC:\Keil_v5\ARM\CMSI
S\Include --predefine="__EVAL SETA 1" --predefine="__UVISION_VERSION SETA 526" 
--predefine="TM4C123GH6PM SETA 1" --list=.\listings\pulse.lst Pulse.s



ARM Macro Assembler    Page 1 Alphabetic symbol ordering
Relocatable symbols

PULSE_INIT 00000000

Symbol: PULSE_INIT
   Definitions
      At line 43 in file Pulse.s
   Uses
      At line 39 in file Pulse.s
Comment: PULSE_INIT used once
routines 00000000

Symbol: routines
   Definitions
      At line 37 in file Pulse.s
   Uses
      None
Comment: routines unused
2 symbols



ARM Macro Assembler    Page 1 Alphabetic symbol ordering
Absolute symbols

GPIO_PORTF_AFSEL 40025420

Symbol: GPIO_PORTF_AFSEL
   Definitions
      At line 21 in file Pulse.s
   Uses
      None
Comment: GPIO_PORTF_AFSEL unused
GPIO_PORTF_AMSEL 40025528

Symbol: GPIO_PORTF_AMSEL
   Definitions
      At line 23 in file Pulse.s
   Uses
      None
Comment: GPIO_PORTF_AMSEL unused
GPIO_PORTF_DATA 40025010

Symbol: GPIO_PORTF_DATA
   Definitions
      At line 19 in file Pulse.s
   Uses
      None
Comment: GPIO_PORTF_DATA unused
GPIO_PORTF_DEN 4002551C

Symbol: GPIO_PORTF_DEN
   Definitions
      At line 22 in file Pulse.s
   Uses
      None
Comment: GPIO_PORTF_DEN unused
GPIO_PORTF_DIR 40025400

Symbol: GPIO_PORTF_DIR
   Definitions
      At line 20 in file Pulse.s
   Uses
      None
Comment: GPIO_PORTF_DIR unused
GPIO_PORTF_PCTL 4002552C

Symbol: GPIO_PORTF_PCTL
   Definitions
      At line 24 in file Pulse.s
   Uses
      None
Comment: GPIO_PORTF_PCTL unused
HIGH 0000001A

Symbol: HIGH
   Definitions
      At line 32 in file Pulse.s
   Uses
      None
Comment: HIGH unused
LOW 00000012

Symbol: LOW



ARM Macro Assembler    Page 2 Alphabetic symbol ordering
Absolute symbols

   Definitions
      At line 31 in file Pulse.s
   Uses
      None
Comment: LOW unused
NVIC_EN0 E000E100

Symbol: NVIC_EN0
   Definitions
      At line 4 in file Pulse.s
   Uses
      None
Comment: NVIC_EN0 unused
NVIC_EN0_INT19 00080000

Symbol: NVIC_EN0_INT19
   Definitions
      At line 3 in file Pulse.s
   Uses
      None
Comment: NVIC_EN0_INT19 unused
NVIC_PRI4 E000E410

Symbol: NVIC_PRI4
   Definitions
      At line 5 in file Pulse.s
   Uses
      None
Comment: NVIC_PRI4 unused
SYSCTL_RCGCGPIO 400FE608

Symbol: SYSCTL_RCGCGPIO
   Definitions
      At line 27 in file Pulse.s
   Uses
      None
Comment: SYSCTL_RCGCGPIO unused
SYSCTL_RCGCTIMER 400FE604

Symbol: SYSCTL_RCGCTIMER
   Definitions
      At line 28 in file Pulse.s
   Uses
      At line 45 in file Pulse.s
Comment: SYSCTL_RCGCTIMER used once
TIMER0_CFG 40030000

Symbol: TIMER0_CFG
   Definitions
      At line 8 in file Pulse.s
   Uses
      At line 57 in file Pulse.s
Comment: TIMER0_CFG used once
TIMER0_CTL 4003000C

Symbol: TIMER0_CTL
   Definitions
      At line 10 in file Pulse.s
   Uses



ARM Macro Assembler    Page 3 Alphabetic symbol ordering
Absolute symbols

      At line 53 in file Pulse.s
      At line 84 in file Pulse.s

TIMER0_ICR 40030024

Symbol: TIMER0_ICR
   Definitions
      At line 13 in file Pulse.s
   Uses
      At line 78 in file Pulse.s
Comment: TIMER0_ICR used once
TIMER0_IMR 40030018

Symbol: TIMER0_IMR
   Definitions
      At line 11 in file Pulse.s
   Uses
      None
Comment: TIMER0_IMR unused
TIMER0_RIS 4003001C

Symbol: TIMER0_RIS
   Definitions
      At line 12 in file Pulse.s
   Uses
      None
Comment: TIMER0_RIS unused
TIMER0_TAILR 40030028

Symbol: TIMER0_TAILR
   Definitions
      At line 14 in file Pulse.s
   Uses
      At line 65 in file Pulse.s
Comment: TIMER0_TAILR used once
TIMER0_TAMR 40030004

Symbol: TIMER0_TAMR
   Definitions
      At line 9 in file Pulse.s
   Uses
      At line 61 in file Pulse.s
Comment: TIMER0_TAMR used once
TIMER0_TAPR 40030038

Symbol: TIMER0_TAPR
   Definitions
      At line 15 in file Pulse.s
   Uses
      At line 69 in file Pulse.s
Comment: TIMER0_TAPR used once
TIMER0_TAR 40030048

Symbol: TIMER0_TAR
   Definitions
      At line 16 in file Pulse.s
   Uses
      None
Comment: TIMER0_TAR unused



ARM Macro Assembler    Page 4 Alphabetic symbol ordering
Absolute symbols

22 symbols
360 symbols in table
